TN:
SF:/Library/Developer/CommandLineTools/SDKs/MacOSX.sdk/usr/include/_ctype.h
FN:135,137,isascii
FN:153,159,__istype
FN:164,170,__isctype
FN:237,239,isdigit
FN:267,269,isspace
FNDA:0,isascii
FNDA:0,__istype
FNDA:0,__isctype
FNDA:0,isdigit
FNDA:0,isspace
FNF:5
FNH:0
DA:135,0
DA:137,0
DA:153,0
DA:158,0
DA:159,0
DA:164,0
DA:169,0
DA:170,0
DA:237,0
DA:239,0
DA:267,0
DA:269,0
LF:12
LH:0
end_of_record
TN:
SF:/Users/hasini-local/Documents/Research/bioinfomatics/bwa/QSufSort.c
FN:101,106,QSufSortGenerateSaFromInverse
FN:113,191,QSufSortSortSplit
FN:194,224,QSufSortChoosePivot
FN:227,277,QSufSortInsertSortSplit
FN:288,327,QSufSortBucketSort
FN:344,402,QSufSortTransform
FN:56,99,QSufSortSuffixSort
FNDA:0,QSufSortGenerateSaFromInverse
FNDA:0,QSufSortSortSplit
FNDA:0,QSufSortChoosePivot
FNDA:0,QSufSortInsertSortSplit
FNDA:0,QSufSortBucketSort
FNDA:0,QSufSortTransform
FNDA:0,QSufSortSuffixSort
FNF:7
FNH:0
DA:56,0
DA:59,0
DA:60,0
DA:61,0
DA:62,0
DA:63,0
DA:65,0
DA:67,0
DA:68,0
DA:69,0
DA:70,0
DA:71,0
DA:72,0
DA:73,0
DA:75,0
DA:76,0
DA:77,0
DA:78,0
DA:79,0
DA:80,0
DA:81,0
DA:82,0
DA:83,0
DA:84,0
DA:85,0
DA:86,0
DA:87,0
DA:88,0
DA:89,0
DA:90,0
DA:92,0
DA:93,0
DA:95,0
DA:96,0
DA:97,0
DA:99,0
DA:101,0
DA:103,0
DA:104,0
DA:105,0
DA:106,0
DA:113,0
DA:116,0
DA:117,0
DA:118,0
DA:119,0
DA:120,0
DA:122,0
DA:124,0
DA:125,0
DA:126,0
DA:129,0
DA:131,0
DA:132,0
DA:134,0
DA:135,0
DA:136,0
DA:137,0
DA:138,0
DA:139,0
DA:140,0
DA:142,0
DA:143,0
DA:144,0
DA:145,0
DA:146,0
DA:147,0
DA:149,0
DA:150,0
DA:151,0
DA:152,0
DA:153,0
DA:156,0
DA:157,0
DA:158,0
DA:159,0
DA:160,0
DA:161,0
DA:163,0
DA:164,0
DA:165,0
DA:166,0
DA:167,0
DA:168,0
DA:170,0
DA:171,0
DA:172,0
DA:173,0
DA:176,0
DA:177,0
DA:178,0
DA:180,0
DA:181,0
DA:182,0
DA:184,0
DA:185,0
DA:188,0
DA:189,0
DA:191,0
DA:194,0
DA:197,0
DA:198,0
DA:199,0
DA:200,0
DA:201,0
DA:203,0
DA:205,0
DA:207,0
DA:208,0
DA:209,0
DA:210,0
DA:211,0
DA:212,0
DA:213,0
DA:214,0
DA:215,0
DA:216,0
DA:217,0
DA:218,0
DA:219,0
DA:221,0
DA:224,0
DA:227,0
DA:230,0
DA:231,0
DA:232,0
DA:233,0
DA:234,0
DA:235,0
DA:237,0
DA:239,0
DA:240,0
DA:241,0
DA:242,0
DA:244,0
DA:245,0
DA:246,0
DA:247,0
DA:248,0
DA:249,0
DA:250,0
DA:251,0
DA:252,0
DA:253,0
DA:255,0
DA:257,0
DA:258,0
DA:259,0
DA:260,0
DA:261,0
DA:262,0
DA:263,0
DA:264,0
DA:265,0
DA:266,0
DA:267,0
DA:268,0
DA:270,0
DA:273,0
DA:274,0
DA:275,0
DA:276,0
DA:277,0
DA:288,0
DA:290,0
DA:291,0
DA:292,0
DA:293,0
DA:296,0
DA:297,0
DA:300,0
DA:301,0
DA:302,0
DA:303,0
DA:304,0
DA:306,0
DA:307,0
DA:308,0
DA:309,0
DA:310,0
DA:311,0
DA:312,0
DA:313,0
DA:314,0
DA:315,0
DA:316,0
DA:317,0
DA:318,0
DA:319,0
DA:321,0
DA:323,0
DA:325,0
DA:326,0
DA:327,0
DA:344,0
DA:347,0
DA:348,0
DA:349,0
DA:350,0
DA:351,0
DA:352,0
DA:354,0
DA:356,0
DA:357,0
DA:359,0
DA:360,0
DA:361,0
DA:362,0
DA:363,0
DA:364,0
DA:366,0
DA:367,0
DA:370,0
DA:371,0
DA:372,0
DA:373,0
DA:374,0
DA:375,0
DA:376,0
DA:377,0
DA:378,0
DA:379,0
DA:380,0
DA:381,0
DA:382,0
DA:383,0
DA:384,0
DA:385,0
DA:386,0
DA:387,0
DA:388,0
DA:389,0
DA:390,0
DA:391,0
DA:392,0
DA:393,0
DA:394,0
DA:395,0
DA:396,0
DA:398,0
DA:400,0
DA:401,0
DA:402,0
LF:243
LH:0
end_of_record
TN:
SF:/Users/hasini-local/Documents/Research/bioinfomatics/bwa/bntseq.c
FN:168,211,bns_restore
FN:213,227,bns_destroy
FN:232,278,add1
FN:280,333,bns_fasta2bntseq
FN:335,352,bwa_fa2pac
FN:354,368,bns_pos2rid
FN:370,378,bns_intv2rid
FN:380,401,bns_cnt_ambi
FN:40,40,kh_destroy_str
FN:40,40,kh_get_str
FN:40,40,kh_init_str
FN:40,40,kh_put_str
FN:40,40,kh_resize_str
FN:403,436,bns_get_seq
FN:438,463,bns_fetch_seq
FN:65,95,bns_dump
FN:97,166,bns_restore_core
FNDA:0,bns_restore
FNDA:0,bns_destroy
FNDA:0,add1
FNDA:0,bns_fasta2bntseq
FNDA:0,bwa_fa2pac
FNDA:0,bns_pos2rid
FNDA:0,bns_intv2rid
FNDA:0,bns_cnt_ambi
FNDA:0,kh_destroy_str
FNDA:0,kh_get_str
FNDA:0,kh_init_str
FNDA:0,kh_put_str
FNDA:0,kh_resize_str
FNDA:6015662818161973313,bns_get_seq
FNDA:0,bns_fetch_seq
FNDA:0,bns_dump
FNDA:0,bns_restore_core
FNF:17
FNH:1
DA:40,0
DA:65,0
DA:67,0
DA:68,0
DA:69,0
DA:71,0
DA:72,0
DA:73,0
DA:74,0
DA:75,0
DA:76,0
DA:77,0
DA:78,0
DA:79,0
DA:80,0
DA:81,0
DA:82,0
DA:85,0
DA:86,0
DA:87,0
DA:88,0
DA:89,0
DA:90,0
DA:91,0
DA:92,0
DA:93,0
DA:95,0
DA:97,0
DA:99,0
DA:100,0
DA:101,0
DA:102,0
DA:103,0
DA:104,0
DA:105,0
DA:106,0
DA:108,0
DA:109,0
DA:110,0
DA:111,0
DA:112,0
DA:113,0
DA:114,0
DA:115,0
DA:116,0
DA:118,0
DA:119,0
DA:120,0
DA:122,0
DA:123,0
DA:124,0
DA:125,0
DA:126,0
DA:128,0
DA:129,0
DA:130,0
DA:132,0
DA:133,0
DA:134,0
DA:135,0
DA:136,0
DA:139,0
DA:140,0
DA:141,0
DA:142,0
DA:143,0
DA:144,0
DA:145,0
DA:146,0
DA:147,0
DA:148,0
DA:149,0
DA:150,0
DA:151,0
DA:152,0
DA:153,0
DA:154,0
DA:155,0
DA:157,0
DA:159,0
DA:162,0
DA:163,0
DA:165,0
DA:166,0
DA:168,0
DA:170,0
DA:171,0
DA:172,0
DA:173,0
DA:174,0
DA:175,0
DA:176,0
DA:177,0
DA:178,0
DA:179,0
DA:180,0
DA:181,0
DA:182,0
DA:183,0
DA:184,0
DA:185,0
DA:186,0
DA:187,0
DA:188,0
DA:189,0
DA:190,0
DA:191,0
DA:192,0
DA:193,0
DA:194,0
DA:195,0
DA:196,0
DA:197,0
DA:198,0
DA:199,0
DA:200,0
DA:201,0
DA:202,0
DA:204,0
DA:207,0
DA:208,0
DA:209,0
DA:210,0
DA:211,0
DA:213,0
DA:215,0
DA:217,0
DA:218,0
DA:219,0
DA:220,0
DA:221,0
DA:222,0
DA:223,0
DA:224,0
DA:225,0
DA:226,0
DA:227,0
DA:232,0
DA:234,0
DA:235,0
DA:236,0
DA:237,0
DA:238,0
DA:239,0
DA:240,0
DA:241,0
DA:242,0
DA:243,0
DA:244,0
DA:245,0
DA:246,0
DA:247,0
DA:248,0
DA:249,0
DA:250,0
DA:251,0
DA:252,0
DA:253,0
DA:254,0
DA:255,0
DA:256,0
DA:257,0
DA:258,0
DA:259,0
DA:260,0
DA:261,0
DA:263,0
DA:264,0
DA:266,0
DA:267,0
DA:268,0
DA:269,0
DA:270,0
DA:271,0
DA:272,0
DA:273,0
DA:275,0
DA:276,0
DA:277,0
DA:278,0
DA:280,0
DA:283,0
DA:284,0
DA:285,0
DA:286,0
DA:287,0
DA:288,0
DA:289,0
DA:290,0
DA:293,0
DA:294,0
DA:295,0
DA:296,0
DA:297,0
DA:298,0
DA:299,0
DA:300,0
DA:301,0
DA:302,0
DA:303,0
DA:305,0
DA:306,0
DA:307,0
DA:308,0
DA:309,0
DA:310,0
DA:311,0
DA:312,0
DA:313,0
DA:315,0
DA:316,0
DA:318,0
DA:319,0
DA:320,0
DA:321,0
DA:322,0
DA:323,0
DA:325,0
DA:326,0
DA:327,0
DA:328,0
DA:329,0
DA:330,0
DA:331,0
DA:332,0
DA:333,0
DA:335,0
DA:337,0
DA:338,0
DA:339,0
DA:340,0
DA:341,0
DA:344,0
DA:345,0
DA:346,0
DA:348,0
DA:349,0
DA:350,0
DA:351,0
DA:352,0
DA:354,0
DA:356,0
DA:357,0
DA:358,0
DA:359,0
DA:360,0
DA:361,0
DA:362,0
DA:363,0
DA:364,0
DA:365,0
DA:367,0
DA:368,0
DA:370,0
DA:372,0
DA:373,0
DA:374,0
DA:375,0
DA:376,0
DA:377,0
DA:378,0
DA:380,0
DA:382,0
DA:383,0
DA:384,0
DA:385,0
DA:386,0
DA:387,0
DA:388,0
DA:390,0
DA:391,0
DA:392,0
DA:393,0
DA:394,0
DA:395,0
DA:397,0
DA:400,0
DA:401,0
DA:403,6015662818161973313
DA:405,6015662818161973313
DA:406,6015662818161973313
DA:408,6015662818161973313
DA:409,12901679104
DA:410,12901679104
DA:412,12901679104
DA:413,6015662818161973313
DA:414,8330143062625877995
DA:415,8330143062625877995
DA:417,8330143062625877995
DA:418,14217539229808732137
DA:419,6015662792358615105
DA:420,6015662792232994988
DA:421,6015662792232994988
DA:422,6015662792232994988
DA:423,6015662792232994988
DA:425,6015662792232994988
DA:426,8548510938225428662
DA:427,8548510938225428662
DA:428,12822766407275328988
DA:429,4274255469049900326
DA:430,125628010
DA:431,3882570381812750754
DA:432,13008660722
DA:434,3882570369055338159
DA:435,7765140738110676318
DA:436,3882570369055338159
DA:438,0
DA:440,0
DA:441,0
DA:442,0
DA:444,0
DA:445,0
DA:446,0
DA:447,0
DA:448,0
DA:449,0
DA:450,0
DA:451,0
DA:452,0
DA:453,0
DA:454,0
DA:455,0
DA:456,0
DA:457,0
DA:458,0
DA:459,0
DA:460,0
DA:461,0
DA:462,0
DA:463,0
LF:330
LH:28
end_of_record
TN:
SF:/Users/hasini-local/Documents/Research/bioinfomatics/bwa/bntseq.h
FN:87,89,bns_depos
FNDA:0,bns_depos
FNF:1
FNH:0
DA:87,0
DA:89,0
LF:2
LH:0
end_of_record
TN:
SF:/Users/hasini-local/Documents/Research/bioinfomatics/bwa/bwa.c
FN:114,130,bseq_classify
FN:136,145,bwa_fill_scmat
FN:148,234,bwa_gen_cigar2
FN:236,238,bwa_gen_cigar
FN:245,269,bwa_idx_infer_prefix
FN:271,287,bwa_idx_load_bwt
FN:289,316,bwa_idx_load_from_disk
FN:318,320,bwa_idx_load
FN:323,335,bwa_idx_destroy
FN:337,360,bwa_mem2idx
FN:362,401,bwa_idx2mem
FN:407,438,bwa_print_sam_hdr
FN:440,454,bwa_escape
FN:456,487,bwa_set_rg
FN:489,501,bwa_insert_header
FN:54,58,trim_readno
FN:60,68,dupkstring
FN:70,77,kseq2bseq1
FN:79,112,bseq_read
FNDA:0,bseq_classify
FNDA:0,bwa_fill_scmat
FNDA:1044882,bwa_gen_cigar2
FNDA:0,bwa_gen_cigar
FNDA:0,bwa_idx_infer_prefix
FNDA:0,bwa_idx_load_bwt
FNDA:0,bwa_idx_load_from_disk
FNDA:0,bwa_idx_load
FNDA:0,bwa_idx_destroy
FNDA:0,bwa_mem2idx
FNDA:0,bwa_idx2mem
FNDA:0,bwa_print_sam_hdr
FNDA:0,bwa_escape
FNDA:0,bwa_set_rg
FNDA:0,bwa_insert_header
FNDA:0,trim_readno
FNDA:0,dupkstring
FNDA:0,kseq2bseq1
FNDA:0,bseq_read
FNF:19
FNH:1
DA:54,0
DA:56,0
DA:57,0
DA:58,0
DA:60,0
DA:62,0
DA:63,0
DA:65,0
DA:66,0
DA:67,0
DA:68,0
DA:70,0
DA:72,0
DA:73,0
DA:74,0
DA:75,0
DA:76,0
DA:77,0
DA:79,0
DA:81,0
DA:82,0
DA:83,0
DA:84,0
DA:85,0
DA:86,0
DA:87,0
DA:88,0
DA:90,0
DA:91,0
DA:92,0
DA:93,0
DA:94,0
DA:95,0
DA:96,0
DA:97,0
DA:98,0
DA:99,0
DA:100,0
DA:101,0
DA:102,0
DA:103,0
DA:104,0
DA:106,0
DA:107,0
DA:108,0
DA:109,0
DA:110,0
DA:111,0
DA:112,0
DA:114,0
DA:116,0
DA:117,0
DA:118,0
DA:119,0
DA:120,0
DA:121,0
DA:122,0
DA:123,0
DA:124,0
DA:125,0
DA:126,0
DA:127,0
DA:128,0
DA:129,0
DA:130,0
DA:136,0
DA:138,0
DA:139,0
DA:140,0
DA:141,0
DA:142,0
DA:143,0
DA:144,0
DA:145,0
DA:148,1044882
DA:150,1044882
DA:151,1044882
DA:152,1044882
DA:153,1044882
DA:154,1044882
DA:155,1044882
DA:157,1044882
DA:158,1044882
DA:159,1044882
DA:160,431476
DA:161,431476
DA:162,431414
DA:163,205292
DA:164,197390
DA:165,90231
DA:166,82329
DA:167,7902
DA:168,431414
DA:170,6
DA:171,6
DA:172,6
DA:173,6
DA:174,6
DA:175,258
DA:176,252
DA:177,6
DA:178,431408
DA:180,431408
DA:181,431408
DA:182,431408
DA:183,431408
DA:184,431408
DA:185,431408
DA:186,431408
DA:187,431408
DA:189,431408
DA:190,0
DA:191,0
DA:192,0
DA:193,0
DA:194,431408
DA:195,431408
DA:196,431414
DA:197,431414
DA:198,431414
DA:199,431414
DA:200,6165444
DA:201,5734030
DA:202,5734030
DA:203,5734030
DA:204,5734030
DA:205,21702295
DA:206,18840029
DA:207,18763046
DA:208,18763046
DA:209,18763046
DA:210,18840029
DA:211,18840029
DA:212,2862266
DA:213,5734030
DA:214,2339781
DA:215,1983886
DA:216,64572492
DA:217,62588606
DA:218,1983886
DA:219,1983886
DA:220,2339781
DA:221,2871764
DA:222,5734030
DA:223,431414
DA:224,431414
DA:225,431414
DA:226,431414
DA:227,439316
DA:228,205292
DA:229,205292
DA:232,431476
DA:233,431476
DA:234,1044846
DA:236,0
DA:238,0
DA:245,0
DA:247,0
DA:248,0
DA:249,0
DA:250,0
DA:251,0
DA:252,0
DA:253,0
DA:254,0
DA:255,0
DA:256,0
DA:257,0
DA:259,0
DA:260,0
DA:261,0
DA:262,0
DA:264,0
DA:265,0
DA:266,0
DA:269,0
DA:271,0
DA:273,0
DA:274,0
DA:275,0
DA:276,0
DA:277,0
DA:278,0
DA:280,0
DA:281,0
DA:282,0
DA:283,0
DA:284,0
DA:285,0
DA:286,0
DA:287,0
DA:289,0
DA:291,0
DA:292,0
DA:293,0
DA:294,0
DA:295,0
DA:296,0
DA:298,0
DA:299,0
DA:300,0
DA:301,0
DA:302,0
DA:303,0
DA:304,0
DA:305,0
DA:306,0
DA:307,0
DA:308,0
DA:309,0
DA:310,0
DA:311,0
DA:312,0
DA:313,0
DA:314,0
DA:315,0
DA:316,0
DA:318,0
DA:320,0
DA:323,0
DA:325,0
DA:326,0
DA:327,0
DA:328,0
DA:329,0
DA:330,0
DA:331,0
DA:332,0
DA:334,0
DA:335,0
DA:337,0
DA:339,0
DA:340,0
DA:343,0
DA:344,0
DA:345,0
DA:348,0
DA:349,0
DA:350,0
DA:351,0
DA:352,0
DA:353,0
DA:354,0
DA:355,0
DA:356,0
DA:358,0
DA:359,0
DA:360,0
DA:362,0
DA:364,0
DA:365,0
DA:366,0
DA:369,0
DA:370,0
DA:371,0
DA:372,0
DA:373,0
DA:374,0
DA:375,0
DA:378,0
DA:379,0
DA:380,0
DA:381,0
DA:382,0
DA:383,0
DA:384,0
DA:385,0
DA:386,0
DA:387,0
DA:388,0
DA:389,0
DA:390,0
DA:391,0
DA:394,0
DA:395,0
DA:396,0
DA:397,0
DA:398,0
DA:400,0
DA:401,0
DA:407,0
DA:409,0
DA:412,0
DA:414,0
DA:415,0
DA:416,0
DA:417,0
DA:419,0
DA:420,0
DA:421,0
DA:422,0
DA:424,0
DA:425,0
DA:426,0
DA:427,0
DA:428,0
DA:429,0
DA:430,0
DA:431,0
DA:432,0
DA:433,0
DA:434,0
DA:435,0
DA:436,0
DA:437,0
DA:438,0
DA:440,0
DA:442,0
DA:443,0
DA:444,0
DA:445,0
DA:446,0
DA:447,0
DA:448,0
DA:449,0
DA:450,0
DA:451,0
DA:452,0
DA:453,0
DA:454,0
DA:456,0
DA:458,0
DA:459,0
DA:460,0
DA:461,0
DA:462,0
DA:464,0
DA:465,0
DA:466,0
DA:468,0
DA:469,0
DA:470,0
DA:471,0
DA:472,0
DA:474,0
DA:475,0
DA:476,0
DA:477,0
DA:478,0
DA:480,0
DA:481,0
DA:482,0
DA:485,0
DA:486,0
DA:487,0
DA:489,0
DA:491,0
DA:492,0
DA:493,0
DA:494,0
DA:495,0
DA:496,0
DA:497,0
DA:498,0
DA:499,0
DA:500,0
DA:501,0
LF:357
LH:76
end_of_record
TN:
SF:/Users/hasini-local/Documents/Research/bioinfomatics/bwa/bwamem.c
FN:1008,1030,mem_reorder_primary5
FN:1033,1079,mem_reg2sam
FN:1081,1117,mem_align1_core
FN:1119,1189,mem_reg2aln
FN:117,117,__ks_insertsort_mem_intv
FN:117,117,ks_combsort_mem_intv
FN:117,117,ks_heapadjust_mem_intv
FN:117,117,ks_heapmake_mem_intv
FN:117,117,ks_heapsort_mem_intv
FN:117,117,ks_introsort_mem_intv
FN:117,117,ks_ksmall_mem_intv
FN:117,117,ks_mergesort_mem_intv
FN:1203,1215,worker1
FN:1217,1233,worker2
FN:123,130,smem_aux_init
FN:1235,1264,mem_process_seqs
FN:132,138,smem_aux_destroy
FN:140,188,mem_collect_intv
FN:213,213,__kb_getp_aux_chn
FN:213,213,__kb_putp_aux_chn
FN:213,213,__kb_split_chn
FN:213,213,kb_init_chn
FN:213,213,kb_intervalp_chn
FN:213,213,kb_putp_chn
FN:216,237,test_and_merge
FN:239,258,mem_chain_weight
FN:260,275,mem_print_chain
FN:277,341,mem_chain
FN:351,351,__ks_insertsort_mem_flt
FN:351,351,ks_combsort_mem_flt
FN:351,351,ks_heapadjust_mem_flt
FN:351,351,ks_heapmake_mem_flt
FN:351,351,ks_heapsort_mem_flt
FN:351,351,ks_introsort_mem_flt
FN:351,351,ks_ksmall_mem_flt
FN:351,351,ks_mergesort_mem_flt
FN:353,411,mem_chain_flt
FN:418,418,__ks_insertsort_mem_ars2
FN:418,418,ks_combsort_mem_ars2
FN:418,418,ks_heapadjust_mem_ars2
FN:418,418,ks_heapmake_mem_ars2
FN:418,418,ks_heapsort_mem_ars2
FN:418,418,ks_introsort_mem_ars2
FN:418,418,ks_ksmall_mem_ars2
FN:418,418,ks_mergesort_mem_ars2
FN:421,421,__ks_insertsort_mem_ars
FN:421,421,ks_combsort_mem_ars
FN:421,421,ks_heapadjust_mem_ars
FN:421,421,ks_heapmake_mem_ars
FN:421,421,ks_heapsort_mem_ars
FN:421,421,ks_introsort_mem_ars
FN:421,421,ks_ksmall_mem_ars
FN:421,421,ks_mergesort_mem_ars
FN:424,424,__ks_insertsort_mem_ars_hash
FN:424,424,ks_combsort_mem_ars_hash
FN:424,424,ks_heapadjust_mem_ars_hash
FN:424,424,ks_heapmake_mem_ars_hash
FN:424,424,ks_heapsort_mem_ars_hash
FN:424,424,ks_introsort_mem_ars_hash
FN:424,424,ks_ksmall_mem_ars_hash
FN:424,424,ks_mergesort_mem_ars_hash
FN:427,427,__ks_insertsort_mem_ars_hash2
FN:427,427,ks_combsort_mem_ars_hash2
FN:427,427,ks_heapadjust_mem_ars_hash2
FN:427,427,ks_heapmake_mem_ars_hash2
FN:427,427,ks_heapsort_mem_ars_hash2
FN:427,427,ks_introsort_mem_ars_hash2
FN:427,427,ks_ksmall_mem_ars_hash2
FN:427,427,ks_mergesort_mem_ars_hash2
FN:432,461,mem_patch_reg
FN:463,515,mem_sort_dedup_patch
FN:519,545,mem_mark_primary_se_core
FN:547,584,mem_mark_primary_se
FN:597,622,mem_seed_sw
FN:624,641,mem_flt_chained_seeds
FN:647,654,cal_max_gap
FN:658,812,mem_chain2aln
FN:74,110,mem_opt_init
FN:818,825,infer_bw
FN:827,836,get_rlen
FN:838,849,add_cigar
FN:851,976,mem_aln2sam
FN:982,1006,mem_approx_mapq_se
FNDA:0,mem_reorder_primary5
FNDA:0,mem_reg2sam
FNDA:0,mem_align1_core
FNDA:0,mem_reg2aln
FNDA:0,__ks_insertsort_mem_intv
FNDA:0,ks_combsort_mem_intv
FNDA:0,ks_heapadjust_mem_intv
FNDA:0,ks_heapmake_mem_intv
FNDA:0,ks_heapsort_mem_intv
FNDA:0,ks_introsort_mem_intv
FNDA:0,ks_ksmall_mem_intv
FNDA:0,ks_mergesort_mem_intv
FNDA:0,worker1
FNDA:0,worker2
FNDA:0,smem_aux_init
FNDA:0,mem_process_seqs
FNDA:0,smem_aux_destroy
FNDA:0,mem_collect_intv
FNDA:0,__kb_getp_aux_chn
FNDA:0,__kb_putp_aux_chn
FNDA:0,__kb_split_chn
FNDA:0,kb_init_chn
FNDA:0,kb_intervalp_chn
FNDA:0,kb_putp_chn
FNDA:0,test_and_merge
FNDA:0,mem_chain_weight
FNDA:0,mem_print_chain
FNDA:0,mem_chain
FNDA:0,__ks_insertsort_mem_flt
FNDA:0,ks_combsort_mem_flt
FNDA:0,ks_heapadjust_mem_flt
FNDA:0,ks_heapmake_mem_flt
FNDA:0,ks_heapsort_mem_flt
FNDA:0,ks_introsort_mem_flt
FNDA:0,ks_ksmall_mem_flt
FNDA:0,ks_mergesort_mem_flt
FNDA:0,mem_chain_flt
FNDA:0,__ks_insertsort_mem_ars2
FNDA:0,ks_combsort_mem_ars2
FNDA:0,ks_heapadjust_mem_ars2
FNDA:0,ks_heapmake_mem_ars2
FNDA:0,ks_heapsort_mem_ars2
FNDA:0,ks_introsort_mem_ars2
FNDA:0,ks_ksmall_mem_ars2
FNDA:0,ks_mergesort_mem_ars2
FNDA:0,__ks_insertsort_mem_ars
FNDA:0,ks_combsort_mem_ars
FNDA:0,ks_heapadjust_mem_ars
FNDA:0,ks_heapmake_mem_ars
FNDA:0,ks_heapsort_mem_ars
FNDA:0,ks_introsort_mem_ars
FNDA:0,ks_ksmall_mem_ars
FNDA:0,ks_mergesort_mem_ars
FNDA:0,__ks_insertsort_mem_ars_hash
FNDA:0,ks_combsort_mem_ars_hash
FNDA:0,ks_heapadjust_mem_ars_hash
FNDA:0,ks_heapmake_mem_ars_hash
FNDA:0,ks_heapsort_mem_ars_hash
FNDA:0,ks_introsort_mem_ars_hash
FNDA:0,ks_ksmall_mem_ars_hash
FNDA:0,ks_mergesort_mem_ars_hash
FNDA:0,__ks_insertsort_mem_ars_hash2
FNDA:0,ks_combsort_mem_ars_hash2
FNDA:0,ks_heapadjust_mem_ars_hash2
FNDA:0,ks_heapmake_mem_ars_hash2
FNDA:0,ks_heapsort_mem_ars_hash2
FNDA:0,ks_introsort_mem_ars_hash2
FNDA:0,ks_ksmall_mem_ars_hash2
FNDA:0,ks_mergesort_mem_ars_hash2
FNDA:0,mem_patch_reg
FNDA:0,mem_sort_dedup_patch
FNDA:0,mem_mark_primary_se_core
FNDA:0,mem_mark_primary_se
FNDA:0,mem_seed_sw
FNDA:0,mem_flt_chained_seeds
FNDA:0,cal_max_gap
FNDA:0,mem_chain2aln
FNDA:0,mem_opt_init
FNDA:0,infer_bw
FNDA:0,get_rlen
FNDA:0,add_cigar
FNDA:0,mem_aln2sam
FNDA:0,mem_approx_mapq_se
FNF:83
FNH:0
DA:74,0
DA:76,0
DA:77,0
DA:78,0
DA:79,0
DA:80,0
DA:81,0
DA:82,0
DA:83,0
DA:84,0
DA:85,0
DA:86,0
DA:88,0
DA:90,0
DA:91,0
DA:92,0
DA:93,0
DA:94,0
DA:95,0
DA:96,0
DA:97,0
DA:98,0
DA:99,0
DA:100,0
DA:101,0
DA:102,0
DA:103,0
DA:104,0
DA:105,0
DA:106,0
DA:107,0
DA:108,0
DA:109,0
DA:110,0
DA:117,0
DA:123,0
DA:125,0
DA:126,0
DA:127,0
DA:128,0
DA:129,0
DA:130,0
DA:132,0
DA:134,0
DA:135,0
DA:136,0
DA:137,0
DA:138,0
DA:140,0
DA:142,0
DA:143,0
DA:144,0
DA:145,0
DA:147,0
DA:148,0
DA:149,0
DA:150,0
DA:151,0
DA:152,0
DA:153,0
DA:154,0
DA:155,0
DA:156,0
DA:159,0
DA:160,0
DA:161,0
DA:162,0
DA:163,0
DA:164,0
DA:165,0
DA:166,0
DA:167,0
DA:168,0
DA:170,0
DA:171,0
DA:172,0
DA:173,0
DA:175,0
DA:176,0
DA:177,0
DA:178,0
DA:183,0
DA:185,0
DA:187,0
DA:188,0
DA:213,0
DA:216,0
DA:218,0
DA:219,0
DA:220,0
DA:221,0
DA:222,0
DA:223,0
DA:224,0
DA:225,0
DA:226,0
DA:227,0
DA:228,0
DA:229,0
DA:230,0
DA:231,0
DA:232,0
DA:233,0
DA:234,0
DA:236,0
DA:237,0
DA:239,0
DA:241,0
DA:242,0
DA:243,0
DA:244,0
DA:245,0
DA:246,0
DA:247,0
DA:248,0
DA:249,0
DA:250,0
DA:251,0
DA:252,0
DA:253,0
DA:254,0
DA:255,0
DA:256,0
DA:257,0
DA:258,0
DA:260,0
DA:262,0
DA:263,0
DA:264,0
DA:265,0
DA:266,0
DA:267,0
DA:268,0
DA:269,0
DA:270,0
DA:271,0
DA:272,0
DA:273,0
DA:274,0
DA:275,0
DA:277,0
DA:279,0
DA:280,0
DA:282,0
DA:283,0
DA:285,0
DA:286,0
DA:287,0
DA:289,0
DA:290,0
DA:291,0
DA:292,0
DA:293,0
DA:294,0
DA:295,0
DA:296,0
DA:297,0
DA:298,0
DA:299,0
DA:300,0
DA:301,0
DA:302,0
DA:304,0
DA:305,0
DA:306,0
DA:307,0
DA:308,0
DA:309,0
DA:310,0
DA:311,0
DA:312,0
DA:313,0
DA:314,0
DA:315,0
DA:316,0
DA:317,0
DA:318,0
DA:319,0
DA:320,0
DA:321,0
DA:322,0
DA:323,0
DA:324,0
DA:325,0
DA:326,0
DA:327,0
DA:328,0
DA:330,0
DA:333,0
DA:336,0
DA:337,0
DA:339,0
DA:340,0
DA:341,0
DA:351,0
DA:353,0
DA:355,0
DA:356,0
DA:357,0
DA:359,0
DA:360,0
DA:361,0
DA:362,0
DA:363,0
DA:364,0
DA:365,0
DA:366,0
DA:367,0
DA:369,0
DA:370,0
DA:371,0
DA:372,0
DA:373,0
DA:374,0
DA:375,0
DA:376,0
DA:377,0
DA:378,0
DA:379,0
DA:380,0
DA:381,0
DA:382,0
DA:383,0
DA:384,0
DA:385,0
DA:386,0
DA:387,0
DA:388,0
DA:389,0
DA:390,0
DA:391,0
DA:392,0
DA:393,0
DA:394,0
DA:395,0
DA:396,0
DA:397,0
DA:398,0
DA:399,0
DA:400,0
DA:401,0
DA:402,0
DA:403,0
DA:404,0
DA:405,0
DA:406,0
DA:407,0
DA:408,0
DA:409,0
DA:410,0
DA:411,0
DA:418,0
DA:421,0
DA:424,0
DA:427,0
DA:432,0
DA:434,0
DA:435,0
DA:436,0
DA:437,0
DA:438,0
DA:439,0
DA:440,0
DA:441,0
DA:442,0
DA:443,0
DA:444,0
DA:445,0
DA:446,0
DA:447,0
DA:448,0
DA:449,0
DA:451,0
DA:452,0
DA:453,0
DA:454,0
DA:455,0
DA:456,0
DA:457,0
DA:458,0
DA:459,0
DA:460,0
DA:461,0
DA:463,0
DA:465,0
DA:466,0
DA:467,0
DA:468,0
DA:469,0
DA:470,0
DA:471,0
DA:472,0
DA:473,0
DA:474,0
DA:475,0
DA:476,0
DA:477,0
DA:478,0
DA:479,0
DA:480,0
DA:481,0
DA:482,0
DA:483,0
DA:484,0
DA:485,0
DA:486,0
DA:487,0
DA:488,0
DA:489,0
DA:490,0
DA:491,0
DA:492,0
DA:493,0
DA:494,0
DA:495,0
DA:496,0
DA:497,0
DA:498,0
DA:499,0
DA:500,0
DA:501,0
DA:502,0
DA:503,0
DA:504,0
DA:505,0
DA:506,0
DA:507,0
DA:508,0
DA:509,0
DA:510,0
DA:511,0
DA:512,0
DA:513,0
DA:514,0
DA:515,0
DA:519,0
DA:521,0
DA:522,0
DA:523,0
DA:524,0
DA:525,0
DA:526,0
DA:527,0
DA:528,0
DA:529,0
DA:530,0
DA:531,0
DA:532,0
DA:533,0
DA:534,0
DA:535,0
DA:536,0
DA:537,0
DA:538,0
DA:540,0
DA:541,0
DA:542,0
DA:543,0
DA:544,0
DA:545,0
DA:547,0
DA:549,0
DA:550,0
DA:551,0
DA:552,0
DA:553,0
DA:554,0
DA:555,0
DA:556,0
DA:557,0
DA:558,0
DA:559,0
DA:560,0
DA:561,0
DA:562,0
DA:563,0
DA:564,0
DA:565,0
DA:566,0
DA:567,0
DA:568,0
DA:569,0
DA:570,0
DA:571,0
DA:572,0
DA:573,0
DA:574,0
DA:575,0
DA:576,0
DA:577,0
DA:578,0
DA:579,0
DA:580,0
DA:582,0
DA:583,0
DA:584,0
DA:597,0
DA:599,0
DA:600,0
DA:601,0
DA:602,0
DA:604,0
DA:605,0
DA:606,0
DA:607,0
DA:608,0
DA:609,0
DA:610,0
DA:611,0
DA:612,0
DA:613,0
DA:614,0
DA:615,0
DA:616,0
DA:618,0
DA:619,0
DA:620,0
DA:621,0
DA:622,0
DA:624,0
DA:626,0
DA:627,0
DA:628,0
DA:629,0
DA:630,0
DA:631,0
DA:632,0
DA:633,0
DA:634,0
DA:635,0
DA:636,0
DA:637,0
DA:638,0
DA:639,0
DA:640,0
DA:641,0
DA:647,0
DA:649,0
DA:650,0
DA:651,0
DA:652,0
DA:653,0
DA:654,0
DA:658,0
DA:660,0
DA:661,0
DA:662,0
DA:663,0
DA:664,0
DA:666,0
DA:668,0
DA:669,0
DA:670,0
DA:671,0
DA:672,0
DA:673,0
DA:674,0
DA:675,0
DA:676,0
DA:677,0
DA:678,0
DA:679,0
DA:680,0
DA:681,0
DA:682,0
DA:683,0
DA:685,0
DA:686,0
DA:688,0
DA:689,0
DA:690,0
DA:691,0
DA:693,0
DA:694,0
DA:695,0
DA:697,0
DA:698,0
DA:699,0
DA:700,0
DA:701,0
DA:702,0
DA:704,0
DA:705,0
DA:706,0
DA:707,0
DA:709,0
DA:710,0
DA:711,0
DA:712,0
DA:713,0
DA:714,0
DA:715,0
DA:716,0
DA:717,0
DA:718,0
DA:719,0
DA:720,0
DA:721,0
DA:722,0
DA:723,0
DA:724,0
DA:725,0
DA:726,0
DA:727,0
DA:728,0
DA:730,0
DA:731,0
DA:732,0
DA:734,0
DA:735,0
DA:736,0
DA:737,0
DA:738,0
DA:740,0
DA:741,0
DA:742,0
DA:743,0
DA:744,0
DA:745,0
DA:746,0
DA:747,0
DA:748,0
DA:749,0
DA:750,0
DA:751,0
DA:752,0
DA:753,0
DA:754,0
DA:755,0
DA:756,0
DA:757,0
DA:758,0
DA:759,0
DA:760,0
DA:762,0
DA:763,0
DA:764,0
DA:765,0
DA:766,0
DA:767,0
DA:769,0
DA:770,0
DA:772,0
DA:773,0
DA:774,0
DA:775,0
DA:776,0
DA:777,0
DA:778,0
DA:779,0
DA:780,0
DA:781,0
DA:782,0
DA:783,0
DA:784,0
DA:785,0
DA:786,0
DA:787,0
DA:788,0
DA:790,0
DA:791,0
DA:792,0
DA:793,0
DA:794,0
DA:795,0
DA:797,0
DA:798,0
DA:801,0
DA:802,0
DA:803,0
DA:804,0
DA:805,0
DA:806,0
DA:807,0
DA:809,0
DA:810,0
DA:811,0
DA:812,0
DA:818,0
DA:820,0
DA:821,0
DA:822,0
DA:823,0
DA:824,0
DA:825,0
DA:827,0
DA:829,0
DA:830,0
DA:831,0
DA:832,0
DA:833,0
DA:834,0
DA:835,0
DA:836,0
DA:838,0
DA:840,0
DA:841,0
DA:842,0
DA:843,0
DA:844,0
DA:845,0
DA:846,0
DA:847,0
DA:848,0
DA:849,0
DA:851,0
DA:853,0
DA:854,0
DA:856,0
DA:858,0
DA:859,0
DA:860,0
DA:861,0
DA:862,0
DA:863,0
DA:864,0
DA:865,0
DA:866,0
DA:869,0
DA:870,0
DA:871,0
DA:872,0
DA:873,0
DA:874,0
DA:875,0
DA:876,0
DA:877,0
DA:878,0
DA:879,0
DA:882,0
DA:883,0
DA:884,0
DA:885,0
DA:886,0
DA:887,0
DA:888,0
DA:889,0
DA:890,0
DA:891,0
DA:892,0
DA:893,0
DA:894,0
DA:897,0
DA:898,0
DA:899,0
DA:900,0
DA:901,0
DA:902,0
DA:903,0
DA:904,0
DA:905,0
DA:906,0
DA:907,0
DA:908,0
DA:909,0
DA:910,0
DA:911,0
DA:912,0
DA:913,0
DA:914,0
DA:915,0
DA:916,0
DA:917,0
DA:918,0
DA:919,0
DA:920,0
DA:921,0
DA:922,0
DA:923,0
DA:924,0
DA:925,0
DA:926,0
DA:927,0
DA:930,0
DA:931,0
DA:932,0
DA:933,0
DA:934,0
DA:935,0
DA:936,0
DA:937,0
DA:938,0
DA:939,0
DA:940,0
DA:941,0
DA:942,0
DA:943,0
DA:944,0
DA:945,0
DA:946,0
DA:947,0
DA:948,0
DA:949,0
DA:950,0
DA:951,0
DA:952,0
DA:953,0
DA:954,0
DA:955,0
DA:956,0
DA:957,0
DA:958,0
DA:959,0
DA:960,0
DA:961,0
DA:962,0
DA:963,0
DA:964,0
DA:965,0
DA:966,0
DA:967,0
DA:968,0
DA:969,0
DA:970,0
DA:971,0
DA:972,0
DA:973,0
DA:974,0
DA:975,0
DA:976,0
DA:982,0
DA:984,0
DA:985,0
DA:986,0
DA:987,0
DA:988,0
DA:989,0
DA:990,0
DA:991,0
DA:992,0
DA:993,0
DA:994,0
DA:995,0
DA:996,0
DA:997,0
DA:998,0
DA:999,0
DA:1001,0
DA:1002,0
DA:1003,0
DA:1004,0
DA:1005,0
DA:1006,0
DA:1008,0
DA:1010,0
DA:1011,0
DA:1012,0
DA:1013,0
DA:1014,0
DA:1015,0
DA:1016,0
DA:1017,0
DA:1018,0
DA:1019,0
DA:1020,0
DA:1021,0
DA:1022,0
DA:1023,0
DA:1024,0
DA:1025,0
DA:1026,0
DA:1027,0
DA:1028,0
DA:1029,0
DA:1030,0
DA:1033,0
DA:1036,0
DA:1037,0
DA:1038,0
DA:1039,0
DA:1041,0
DA:1042,0
DA:1043,0
DA:1044,0
DA:1045,0
DA:1046,0
DA:1047,0
DA:1048,0
DA:1049,0
DA:1050,0
DA:1051,0
DA:1052,0
DA:1053,0
DA:1054,0
DA:1055,0
DA:1056,0
DA:1057,0
DA:1058,0
DA:1059,0
DA:1060,0
DA:1061,0
DA:1062,0
DA:1063,0
DA:1064,0
DA:1065,0
DA:1066,0
DA:1067,0
DA:1068,0
DA:1069,0
DA:1070,0
DA:1071,0
DA:1072,0
DA:1074,0
DA:1075,0
DA:1076,0
DA:1077,0
DA:1078,0
DA:1079,0
DA:1081,0
DA:1083,0
DA:1084,0
DA:1087,0
DA:1088,0
DA:1090,0
DA:1091,0
DA:1092,0
DA:1093,0
DA:1095,0
DA:1096,0
DA:1097,0
DA:1098,0
DA:1099,0
DA:1100,0
DA:1101,0
DA:1102,0
DA:1103,0
DA:1104,0
DA:1105,0
DA:1106,0
DA:1107,0
DA:1108,0
DA:1109,0
DA:1110,0
DA:1111,0
DA:1112,0
DA:1113,0
DA:1114,0
DA:1115,0
DA:1117,0
DA:1119,0
DA:1122,0
DA:1123,0
DA:1124,0
DA:1126,0
DA:1127,0
DA:1128,0
DA:1129,0
DA:1131,0
DA:1132,0
DA:1133,0
DA:1134,0
DA:1135,0
DA:1136,0
DA:1137,0
DA:1138,0
DA:1139,0
DA:1140,0
DA:1141,0
DA:1142,0
DA:1143,0
DA:1144,0
DA:1145,0
DA:1146,0
DA:1147,0
DA:1148,0
DA:1149,0
DA:1150,0
DA:1151,0
DA:1152,0
DA:1153,0
DA:1154,0
DA:1155,0
DA:1156,0
DA:1157,0
DA:1158,0
DA:1159,0
DA:1160,0
DA:1161,0
DA:1162,0
DA:1163,0
DA:1164,0
DA:1165,0
DA:1166,0
DA:1167,0
DA:1168,0
DA:1169,0
DA:1170,0
DA:1171,0
DA:1172,0
DA:1173,0
DA:1174,0
DA:1175,0
DA:1176,0
DA:1177,0
DA:1178,0
DA:1179,0
DA:1180,0
DA:1181,0
DA:1182,0
DA:1183,0
DA:1184,0
DA:1185,0
DA:1186,0
DA:1187,0
DA:1188,0
DA:1189,0
DA:1203,0
DA:1205,0
DA:1206,0
DA:1207,0
DA:1208,0
DA:1209,0
DA:1210,0
DA:1211,0
DA:1212,0
DA:1213,0
DA:1215,0
DA:1217,0
DA:1221,0
DA:1222,0
DA:1223,0
DA:1224,0
DA:1225,0
DA:1226,0
DA:1227,0
DA:1228,0
DA:1229,0
DA:1230,0
DA:1231,0
DA:1233,0
DA:1235,0
DA:1238,0
DA:1239,0
DA:1240,0
DA:1241,0
DA:1243,0
DA:1244,0
DA:1245,0
DA:1246,0
DA:1247,0
DA:1248,0
DA:1249,0
DA:1250,0
DA:1251,0
DA:1252,0
DA:1253,0
DA:1254,0
DA:1255,0
DA:1256,0
DA:1257,0
DA:1258,0
DA:1259,0
DA:1260,0
DA:1261,0
DA:1262,0
DA:1263,0
DA:1264,0
LF:957
LH:0
end_of_record
TN:
SF:/Users/hasini-local/Documents/Research/bioinfomatics/bwa/bwamem_extra.c
FN:102,114,mem_align1
FN:116,121,get_pri_idx
FN:124,172,mem_gen_alt
FN:48,61,smem_itr_init
FN:63,70,smem_itr_destroy
FN:72,77,smem_set_query
FN:79,84,smem_config
FN:86,96,smem_next
FNDA:0,mem_align1
FNDA:0,get_pri_idx
FNDA:0,mem_gen_alt
FNDA:0,smem_itr_init
FNDA:0,smem_itr_destroy
FNDA:0,smem_set_query
FNDA:0,smem_config
FNDA:0,smem_next
FNF:8
FNH:0
DA:48,0
DA:50,0
DA:51,0
DA:52,0
DA:53,0
DA:54,0
DA:55,0
DA:56,0
DA:57,0
DA:58,0
DA:59,0
DA:60,0
DA:61,0
DA:63,0
DA:65,0
DA:66,0
DA:67,0
DA:68,0
DA:69,0
DA:70,0
DA:72,0
DA:74,0
DA:75,0
DA:76,0
DA:77,0
DA:79,0
DA:81,0
DA:82,0
DA:83,0
DA:84,0
DA:86,0
DA:88,0
DA:89,0
DA:90,0
DA:91,0
DA:92,0
DA:93,0
DA:94,0
DA:95,0
DA:96,0
DA:102,0
DA:107,0
DA:108,0
DA:109,0
DA:110,0
DA:111,0
DA:112,0
DA:114,0
DA:116,0
DA:118,0
DA:119,0
DA:120,0
DA:121,0
DA:124,0
DA:126,0
DA:127,0
DA:128,0
DA:130,0
DA:131,0
DA:132,0
DA:133,0
DA:134,0
DA:135,0
DA:136,0
DA:137,0
DA:138,0
DA:139,0
DA:140,0
DA:141,0
DA:142,0
DA:143,0
DA:144,0
DA:145,0
DA:146,0
DA:147,0
DA:148,0
DA:149,0
DA:150,0
DA:151,0
DA:152,0
DA:153,0
DA:154,0
DA:155,0
DA:156,0
DA:157,0
DA:158,0
DA:159,0
DA:160,0
DA:161,0
DA:162,0
DA:163,0
DA:164,0
DA:165,0
DA:166,0
DA:167,0
DA:170,0
DA:171,0
DA:172,0
LF:98
LH:0
end_of_record
TN:
SF:/Users/hasini-local/Documents/Research/bioinfomatics/bwa/bwamem_pair.c
FN:137,206,mem_matesw
FN:208,269,mem_pair
FN:276,419,mem_sam_pe
FN:49,56,mem_infer_dir
FN:58,70,cal_sub
FN:72,135,mem_pestat
FNDA:0,mem_matesw
FNDA:0,mem_pair
FNDA:0,mem_sam_pe
FNDA:0,mem_infer_dir
FNDA:0,cal_sub
FNDA:0,mem_pestat
FNF:6
FNH:0
DA:49,0
DA:51,0
DA:52,0
DA:53,0
DA:54,0
DA:55,0
DA:56,0
DA:58,0
DA:60,0
DA:61,0
DA:62,0
DA:63,0
DA:64,0
DA:65,0
DA:66,0
DA:67,0
DA:68,0
DA:69,0
DA:70,0
DA:72,0
DA:74,0
DA:75,0
DA:76,0
DA:77,0
DA:78,0
DA:79,0
DA:80,0
DA:81,0
DA:82,0
DA:83,0
DA:84,0
DA:85,0
DA:86,0
DA:87,0
DA:88,0
DA:89,0
DA:90,0
DA:91,0
DA:92,0
DA:93,0
DA:94,0
DA:95,0
DA:96,0
DA:97,0
DA:98,0
DA:99,0
DA:100,0
DA:101,0
DA:102,0
DA:103,0
DA:104,0
DA:105,0
DA:106,0
DA:107,0
DA:108,0
DA:109,0
DA:110,0
DA:111,0
DA:112,0
DA:113,0
DA:114,0
DA:115,0
DA:116,0
DA:117,0
DA:118,0
DA:119,0
DA:120,0
DA:121,0
DA:122,0
DA:123,0
DA:124,0
DA:125,0
DA:126,0
DA:127,0
DA:128,0
DA:129,0
DA:130,0
DA:131,0
DA:132,0
DA:133,0
DA:134,0
DA:135,0
DA:137,0
DA:140,0
DA:141,0
DA:142,0
DA:143,0
DA:144,0
DA:145,0
DA:146,0
DA:147,0
DA:148,0
DA:149,0
DA:150,0
DA:151,0
DA:152,0
DA:153,0
DA:154,0
DA:155,0
DA:156,0
DA:157,0
DA:158,0
DA:159,0
DA:160,0
DA:161,0
DA:162,0
DA:163,0
DA:164,0
DA:165,0
DA:166,0
DA:167,0
DA:168,0
DA:170,0
DA:171,0
DA:172,0
DA:173,0
DA:174,0
DA:175,0
DA:176,0
DA:177,0
DA:178,0
DA:179,0
DA:180,0
DA:181,0
DA:182,0
DA:183,0
DA:184,0
DA:185,0
DA:186,0
DA:187,0
DA:188,0
DA:189,0
DA:191,0
DA:193,0
DA:194,0
DA:195,0
DA:196,0
DA:197,0
DA:198,0
DA:199,0
DA:200,0
DA:201,0
DA:202,0
DA:203,0
DA:204,0
DA:205,0
DA:206,0
DA:208,0
DA:210,0
DA:211,0
DA:212,0
DA:213,0
DA:214,0
DA:215,0
DA:216,0
DA:217,0
DA:218,0
DA:219,0
DA:220,0
DA:221,0
DA:222,0
DA:223,0
DA:224,0
DA:225,0
DA:227,0
DA:228,0
DA:229,0
DA:230,0
DA:231,0
DA:232,0
DA:233,0
DA:234,0
DA:235,0
DA:236,0
DA:237,0
DA:238,0
DA:239,0
DA:241,0
DA:242,0
DA:243,0
DA:244,0
DA:245,0
DA:246,0
DA:247,0
DA:248,0
DA:250,0
DA:251,0
DA:252,0
DA:253,0
DA:254,0
DA:255,0
DA:256,0
DA:257,0
DA:258,0
DA:259,0
DA:260,0
DA:261,0
DA:262,0
DA:263,0
DA:264,0
DA:265,0
DA:266,0
DA:267,0
DA:268,0
DA:269,0
DA:276,0
DA:283,0
DA:284,0
DA:285,0
DA:287,0
DA:288,0
DA:289,0
DA:290,0
DA:291,0
DA:292,0
DA:293,0
DA:294,0
DA:295,0
DA:296,0
DA:297,0
DA:298,0
DA:299,0
DA:300,0
DA:301,0
DA:302,0
DA:303,0
DA:304,0
DA:305,0
DA:306,0
DA:307,0
DA:308,0
DA:309,0
DA:311,0
DA:312,0
DA:313,0
DA:315,0
DA:316,0
DA:317,0
DA:318,0
DA:319,0
DA:320,0
DA:322,0
DA:324,0
DA:325,0
DA:326,0
DA:327,0
DA:328,0
DA:329,0
DA:331,0
DA:332,0
DA:333,0
DA:334,0
DA:335,0
DA:336,0
DA:337,0
DA:338,0
DA:339,0
DA:340,0
DA:341,0
DA:343,0
DA:344,0
DA:345,0
DA:346,0
DA:347,0
DA:348,0
DA:350,0
DA:351,0
DA:352,0
DA:353,0
DA:354,0
DA:355,0
DA:356,0
DA:357,0
DA:358,0
DA:359,0
DA:360,0
DA:361,0
DA:362,0
DA:363,0
DA:365,0
DA:366,0
DA:367,0
DA:368,0
DA:369,0
DA:370,0
DA:371,0
DA:372,0
DA:373,0
DA:374,0
DA:375,0
DA:376,0
DA:377,0
DA:378,0
DA:379,0
DA:380,0
DA:381,0
DA:382,0
DA:383,0
DA:384,0
DA:385,0
DA:386,0
DA:388,0
DA:389,0
DA:390,0
DA:391,0
DA:392,0
DA:393,0
DA:394,0
DA:395,0
DA:398,0
DA:399,0
DA:400,0
DA:401,0
DA:402,0
DA:403,0
DA:404,0
DA:405,0
DA:406,0
DA:407,0
DA:408,0
DA:409,0
DA:410,0
DA:411,0
DA:412,0
DA:413,0
DA:414,0
DA:415,0
DA:416,0
DA:417,0
DA:418,0
DA:419,0
LF:331
LH:0
end_of_record
TN:
SF:/Users/hasini-local/Documents/Research/bioinfomatics/bwa/bwt.c
FN:107,129,bwt_occ
FN:132,163,bwt_2occ
FN:169,186,bwt_occ4
FN:189,220,bwt_2occ4
FN:222,239,bwt_match_exact
FN:241,256,bwt_match_exact_alt
FN:262,275,bwt_extend
FN:277,287,bwt_reverse_intvs
FN:289,351,bwt_smem1a
FN:353,355,bwt_smem1
FN:358,379,bwt_seed_strategy1
FN:385,394,bwt_dump_bwt
FN:396,407,bwt_dump_sa
FN:409,419,fread_fix
FN:42,51,bwt_gen_cnt_table
FN:421,441,bwt_restore_sa
FN:443,462,bwt_restore_bwt
FN:464,469,bwt_destroy
FN:53,59,bwt_invPsi
FN:62,84,bwt_cal_sa
FN:86,96,bwt_sa
FN:98,104,__occ_aux
FNDA:0,bwt_occ
FNDA:0,bwt_2occ
FNDA:0,bwt_occ4
FNDA:0,bwt_2occ4
FNDA:0,bwt_match_exact
FNDA:0,bwt_match_exact_alt
FNDA:0,bwt_extend
FNDA:0,bwt_reverse_intvs
FNDA:0,bwt_smem1a
FNDA:0,bwt_smem1
FNDA:0,bwt_seed_strategy1
FNDA:0,bwt_dump_bwt
FNDA:0,bwt_dump_sa
FNDA:0,fread_fix
FNDA:0,bwt_gen_cnt_table
FNDA:0,bwt_restore_sa
FNDA:0,bwt_restore_bwt
FNDA:0,bwt_destroy
FNDA:0,bwt_invPsi
FNDA:0,bwt_cal_sa
FNDA:0,bwt_sa
FNDA:0,__occ_aux
FNF:22
FNH:0
DA:42,0
DA:44,0
DA:45,0
DA:46,0
DA:47,0
DA:48,0
DA:49,0
DA:50,0
DA:51,0
DA:53,0
DA:55,0
DA:56,0
DA:57,0
DA:58,0
DA:59,0
DA:62,0
DA:64,0
DA:65,0
DA:67,0
DA:68,0
DA:69,0
DA:71,0
DA:72,0
DA:73,0
DA:74,0
DA:76,0
DA:77,0
DA:78,0
DA:79,0
DA:80,0
DA:81,0
DA:82,0
DA:83,0
DA:84,0
DA:86,0
DA:88,0
DA:89,0
DA:90,0
DA:91,0
DA:95,0
DA:96,0
DA:98,0
DA:101,0
DA:103,0
DA:104,0
DA:107,0
DA:109,0
DA:110,0
DA:112,0
DA:113,0
DA:114,0
DA:117,0
DA:118,0
DA:121,0
DA:122,0
DA:125,0
DA:126,0
DA:128,0
DA:129,0
DA:132,0
DA:134,0
DA:135,0
DA:136,0
DA:137,0
DA:138,0
DA:139,0
DA:140,0
DA:141,0
DA:142,0
DA:143,0
DA:144,0
DA:145,0
DA:146,0
DA:148,0
DA:149,0
DA:150,0
DA:151,0
DA:152,0
DA:153,0
DA:154,0
DA:156,0
DA:157,0
DA:158,0
DA:159,0
DA:160,0
DA:161,0
DA:162,0
DA:163,0
DA:169,0
DA:171,0
DA:172,0
DA:173,0
DA:174,0
DA:175,0
DA:177,0
DA:178,0
DA:179,0
DA:180,0
DA:181,0
DA:182,0
DA:183,0
DA:184,0
DA:185,0
DA:186,0
DA:189,0
DA:191,0
DA:192,0
DA:193,0
DA:194,0
DA:195,0
DA:196,0
DA:197,0
DA:198,0
DA:199,0
DA:200,0
DA:201,0
DA:202,0
DA:203,0
DA:204,0
DA:206,0
DA:207,0
DA:208,0
DA:209,0
DA:210,0
DA:211,0
DA:213,0
DA:214,0
DA:215,0
DA:216,0
DA:217,0
DA:218,0
DA:219,0
DA:220,0
DA:222,0
DA:224,0
DA:225,0
DA:226,0
DA:227,0
DA:228,0
DA:229,0
DA:230,0
DA:231,0
DA:232,0
DA:233,0
DA:234,0
DA:235,0
DA:236,0
DA:237,0
DA:238,0
DA:239,0
DA:241,0
DA:243,0
DA:244,0
DA:245,0
DA:246,0
DA:247,0
DA:248,0
DA:249,0
DA:250,0
DA:251,0
DA:252,0
DA:253,0
DA:254,0
DA:255,0
DA:256,0
DA:262,0
DA:264,0
DA:265,0
DA:266,0
DA:267,0
DA:268,0
DA:269,0
DA:270,0
DA:271,0
DA:272,0
DA:273,0
DA:274,0
DA:275,0
DA:277,0
DA:279,0
DA:280,0
DA:281,0
DA:282,0
DA:283,0
DA:284,0
DA:285,0
DA:286,0
DA:287,0
DA:289,0
DA:291,0
DA:292,0
DA:293,0
DA:295,0
DA:296,0
DA:297,0
DA:298,0
DA:299,0
DA:300,0
DA:301,0
DA:302,0
DA:304,0
DA:305,0
DA:306,0
DA:307,0
DA:308,0
DA:309,0
DA:310,0
DA:311,0
DA:312,0
DA:313,0
DA:314,0
DA:315,0
DA:316,0
DA:317,0
DA:318,0
DA:320,0
DA:321,0
DA:322,0
DA:323,0
DA:324,0
DA:326,0
DA:327,0
DA:328,0
DA:329,0
DA:330,0
DA:331,0
DA:332,0
DA:333,0
DA:334,0
DA:335,0
DA:336,0
DA:337,0
DA:338,0
DA:339,0
DA:340,0
DA:341,0
DA:342,0
DA:343,0
DA:344,0
DA:345,0
DA:346,0
DA:348,0
DA:349,0
DA:350,0
DA:351,0
DA:353,0
DA:355,0
DA:358,0
DA:360,0
DA:361,0
DA:363,0
DA:364,0
DA:365,0
DA:366,0
DA:367,0
DA:368,0
DA:369,0
DA:370,0
DA:371,0
DA:372,0
DA:373,0
DA:375,0
DA:376,0
DA:377,0
DA:378,0
DA:379,0
DA:385,0
DA:387,0
DA:388,0
DA:389,0
DA:390,0
DA:391,0
DA:392,0
DA:393,0
DA:394,0
DA:396,0
DA:398,0
DA:399,0
DA:400,0
DA:401,0
DA:402,0
DA:403,0
DA:404,0
DA:405,0
DA:406,0
DA:407,0
DA:409,0
DA:411,0
DA:412,0
DA:413,0
DA:414,0
DA:415,0
DA:416,0
DA:417,0
DA:418,0
DA:419,0
DA:421,0
DA:423,0
DA:424,0
DA:425,0
DA:427,0
DA:428,0
DA:429,0
DA:430,0
DA:431,0
DA:432,0
DA:433,0
DA:435,0
DA:436,0
DA:437,0
DA:439,0
DA:440,0
DA:441,0
DA:443,0
DA:445,0
DA:446,0
DA:448,0
DA:449,0
DA:450,0
DA:451,0
DA:452,0
DA:453,0
DA:454,0
DA:455,0
DA:456,0
DA:457,0
DA:458,0
DA:459,0
DA:461,0
DA:462,0
DA:464,0
DA:466,0
DA:467,0
DA:468,0
DA:469,0
LF:335
LH:0
end_of_record
TN:
SF:/Users/hasini-local/Documents/Research/bioinfomatics/bwa/bwt_gen.c
FN:101,104,TextLengthFromBytePacked
FN:1064,1085,BWTClearTrailingBwtCode
FN:107,111,initializeVAL
FN:1088,1298,BWTGenerateOccValueFromBwt
FN:113,117,initializeVAL_bg
FN:120,134,GenerateDNAOccCountTable
FN:1300,1436,BWTIncConstruct
FN:136,143,BWTOccValueMajorSizeInWord
FN:1438,1546,BWTIncConstructFromPacked
FN:145,150,BWTOccValueMinorSizeInWord
FN:152,161,BWTResidentSizeInWord
FN:1548,1559,BWTIncFree
FN:1561,1564,BWTFileSizeInWord
FN:1567,1597,BWTSaveBwtCodeAndOcc
FN:1599,1606,bwt_bwtgen2
FN:1608,1611,bwt_bwtgen
FN:1613,1621,bwt_bwtgen_main
FN:163,205,BWTIncSetBuildSizeAndTextAddr
FN:208,235,leadingZero
FN:237,242,ceilLog2
FN:244,252,BitPerBytePackedChar
FN:254,256,BitPerWordPackedChar
FN:259,322,ConvertBytePackedToWordPacked
FN:324,353,BWTCreate
FN:355,385,BWTIncCreate
FN:387,428,BWTIncPutPackedTextToRank
FN:431,502,ForwardDNAAllOccCountNoLimit
FN:504,534,BWTIncBuildPackedBwt
FN:536,551,BWTOccValueExplicit
FN:554,583,ForwardDNAOccCount
FN:585,617,BackwardDNAOccCount
FN:619,641,BWTOccValue
FN:643,693,BWTIncGetAbsoluteRank
FN:695,870,BWTIncSortKey
FN:873,931,BWTIncBuildRelativeRank
FN:933,949,BWTIncBuildBwt
FN:951,1062,BWTIncMergeBwt
FNDA:0,TextLengthFromBytePacked
FNDA:0,BWTClearTrailingBwtCode
FNDA:0,initializeVAL
FNDA:0,BWTGenerateOccValueFromBwt
FNDA:0,initializeVAL_bg
FNDA:0,GenerateDNAOccCountTable
FNDA:0,BWTIncConstruct
FNDA:0,BWTOccValueMajorSizeInWord
FNDA:0,BWTIncConstructFromPacked
FNDA:0,BWTOccValueMinorSizeInWord
FNDA:0,BWTResidentSizeInWord
FNDA:0,BWTIncFree
FNDA:0,BWTFileSizeInWord
FNDA:0,BWTSaveBwtCodeAndOcc
FNDA:0,bwt_bwtgen2
FNDA:0,bwt_bwtgen
FNDA:0,bwt_bwtgen_main
FNDA:0,BWTIncSetBuildSizeAndTextAddr
FNDA:0,leadingZero
FNDA:0,ceilLog2
FNDA:0,BitPerBytePackedChar
FNDA:0,BitPerWordPackedChar
FNDA:0,ConvertBytePackedToWordPacked
FNDA:0,BWTCreate
FNDA:0,BWTIncCreate
FNDA:0,BWTIncPutPackedTextToRank
FNDA:0,ForwardDNAAllOccCountNoLimit
FNDA:0,BWTIncBuildPackedBwt
FNDA:0,BWTOccValueExplicit
FNDA:0,ForwardDNAOccCount
FNDA:0,BackwardDNAOccCount
FNDA:0,BWTOccValue
FNDA:0,BWTIncGetAbsoluteRank
FNDA:0,BWTIncSortKey
FNDA:0,BWTIncBuildRelativeRank
FNDA:0,BWTIncBuildBwt
FNDA:0,BWTIncMergeBwt
FNF:37
FNH:0
DA:101,0
DA:104,0
DA:107,0
DA:109,0
DA:110,0
DA:111,0
DA:113,0
DA:115,0
DA:116,0
DA:117,0
DA:120,0
DA:122,0
DA:124,0
DA:125,0
DA:126,0
DA:127,0
DA:128,0
DA:129,0
DA:130,0
DA:131,0
DA:132,0
DA:134,0
DA:136,0
DA:138,0
DA:139,0
DA:140,0
DA:141,0
DA:142,0
DA:143,0
DA:145,0
DA:147,0
DA:148,0
DA:149,0
DA:150,0
DA:152,0
DA:154,0
DA:157,0
DA:159,0
DA:161,0
DA:163,0
DA:165,0
DA:167,0
DA:170,0
DA:171,0
DA:172,0
DA:173,0
DA:174,0
DA:175,0
DA:177,0
DA:180,0
DA:181,0
DA:182,0
DA:183,0
DA:184,0
DA:185,0
DA:187,0
DA:188,0
DA:189,0
DA:190,0
DA:192,0
DA:193,0
DA:196,0
DA:197,0
DA:198,0
DA:201,0
DA:203,0
DA:204,0
DA:205,0
DA:208,0
DA:210,0
DA:220,0
DA:221,0
DA:222,0
DA:223,0
DA:224,0
DA:226,0
DA:227,0
DA:228,0
DA:229,0
DA:230,0
DA:233,0
DA:235,0
DA:237,0
DA:239,0
DA:240,0
DA:242,0
DA:244,0
DA:246,0
DA:247,0
DA:249,0
DA:250,0
DA:251,0
DA:252,0
DA:254,0
DA:256,0
DA:259,0
DA:262,0
DA:263,0
DA:264,0
DA:265,0
DA:266,0
DA:267,0
DA:268,0
DA:269,0
DA:270,0
DA:271,0
DA:273,0
DA:275,0
DA:276,0
DA:277,0
DA:278,0
DA:280,0
DA:281,0
DA:282,0
DA:284,0
DA:286,0
DA:287,0
DA:288,0
DA:289,0
DA:290,0
DA:291,0
DA:292,0
DA:293,0
DA:294,0
DA:295,0
DA:297,0
DA:298,0
DA:299,0
DA:300,0
DA:301,0
DA:302,0
DA:306,0
DA:307,0
DA:308,0
DA:309,0
DA:310,0
DA:311,0
DA:312,0
DA:313,0
DA:314,0
DA:315,0
DA:317,0
DA:318,0
DA:319,0
DA:320,0
DA:321,0
DA:322,0
DA:324,0
DA:326,0
DA:328,0
DA:330,0
DA:332,0
DA:333,0
DA:335,0
DA:338,0
DA:339,0
DA:340,0
DA:341,0
DA:343,0
DA:346,0
DA:347,0
DA:349,0
DA:350,0
DA:352,0
DA:353,0
DA:355,0
DA:357,0
DA:358,0
DA:360,0
DA:361,0
DA:363,0
DA:364,0
DA:365,0
DA:366,0
DA:367,0
DA:368,0
DA:369,0
DA:372,0
DA:373,0
DA:374,0
DA:376,0
DA:377,0
DA:378,0
DA:379,0
DA:380,0
DA:381,0
DA:382,0
DA:384,0
DA:385,0
DA:387,0
DA:390,0
DA:391,0
DA:392,0
DA:393,0
DA:394,0
DA:395,0
DA:396,0
DA:398,0
DA:399,0
DA:401,0
DA:402,0
DA:404,0
DA:405,0
DA:406,0
DA:407,0
DA:408,0
DA:409,0
DA:410,0
DA:411,0
DA:413,0
DA:414,0
DA:415,0
DA:416,0
DA:417,0
DA:418,0
DA:419,0
DA:420,0
DA:421,0
DA:425,0
DA:426,0
DA:427,0
DA:428,0
DA:431,0
DA:439,0
DA:440,0
DA:441,0
DA:443,0
DA:444,0
DA:445,0
DA:446,0
DA:448,0
DA:449,0
DA:450,0
DA:452,0
DA:454,0
DA:455,0
DA:456,0
DA:457,0
DA:458,0
DA:459,0
DA:460,0
DA:461,0
DA:462,0
DA:463,0
DA:464,0
DA:465,0
DA:468,0
DA:469,0
DA:470,0
DA:471,0
DA:472,0
DA:473,0
DA:474,0
DA:475,0
DA:476,0
DA:477,0
DA:478,0
DA:482,0
DA:484,0
DA:485,0
DA:486,0
DA:487,0
DA:488,0
DA:489,0
DA:491,0
DA:492,0
DA:493,0
DA:494,0
DA:495,0
DA:496,0
DA:498,0
DA:499,0
DA:500,0
DA:501,0
DA:502,0
DA:504,0
DA:507,0
DA:508,0
DA:509,0
DA:510,0
DA:511,0
DA:513,0
DA:515,0
DA:516,0
DA:518,0
DA:519,0
DA:521,0
DA:523,0
DA:524,0
DA:526,0
DA:527,0
DA:528,0
DA:529,0
DA:530,0
DA:531,0
DA:532,0
DA:533,0
DA:534,0
DA:536,0
DA:539,0
DA:541,0
DA:543,0
DA:544,0
DA:545,0
DA:548,0
DA:549,0
DA:551,0
DA:554,0
DA:562,0
DA:563,0
DA:564,0
DA:566,0
DA:567,0
DA:569,0
DA:570,0
DA:571,0
DA:572,0
DA:574,0
DA:575,0
DA:576,0
DA:577,0
DA:578,0
DA:579,0
DA:581,0
DA:583,0
DA:585,0
DA:593,0
DA:594,0
DA:595,0
DA:597,0
DA:598,0
DA:600,0
DA:602,0
DA:603,0
DA:604,0
DA:605,0
DA:606,0
DA:607,0
DA:609,0
DA:610,0
DA:611,0
DA:612,0
DA:613,0
DA:615,0
DA:617,0
DA:619,0
DA:621,0
DA:622,0
DA:626,0
DA:627,0
DA:629,0
DA:630,0
DA:631,0
DA:633,0
DA:634,0
DA:636,0
DA:637,0
DA:639,0
DA:641,0
DA:643,0
DA:647,0
DA:648,0
DA:649,0
DA:650,0
DA:651,0
DA:652,0
DA:653,0
DA:654,0
DA:655,0
DA:657,0
DA:658,0
DA:659,0
DA:660,0
DA:662,0
DA:663,0
DA:664,0
DA:665,0
DA:667,0
DA:668,0
DA:669,0
DA:670,0
DA:671,0
DA:672,0
DA:675,0
DA:676,0
DA:677,0
DA:678,0
DA:679,0
DA:680,0
DA:681,0
DA:682,0
DA:684,0
DA:685,0
DA:686,0
DA:689,0
DA:690,0
DA:692,0
DA:693,0
DA:695,0
DA:699,0
DA:700,0
DA:701,0
DA:702,0
DA:703,0
DA:704,0
DA:705,0
DA:707,0
DA:709,0
DA:711,0
DA:712,0
DA:714,0
DA:716,0
DA:719,0
DA:720,0
DA:721,0
DA:722,0
DA:723,0
DA:724,0
DA:725,0
DA:726,0
DA:727,0
DA:728,0
DA:729,0
DA:730,0
DA:731,0
DA:732,0
DA:737,0
DA:738,0
DA:739,0
DA:740,0
DA:741,0
DA:742,0
DA:743,0
DA:744,0
DA:745,0
DA:746,0
DA:747,0
DA:748,0
DA:749,0
DA:750,0
DA:751,0
DA:752,0
DA:753,0
DA:754,0
DA:755,0
DA:756,0
DA:757,0
DA:758,0
DA:759,0
DA:760,0
DA:761,0
DA:765,0
DA:767,0
DA:768,0
DA:770,0
DA:771,0
DA:772,0
DA:773,0
DA:775,0
DA:776,0
DA:777,0
DA:778,0
DA:780,0
DA:782,0
DA:783,0
DA:785,0
DA:786,0
DA:787,0
DA:788,0
DA:789,0
DA:790,0
DA:791,0
DA:793,0
DA:794,0
DA:795,0
DA:796,0
DA:800,0
DA:801,0
DA:804,0
DA:805,0
DA:806,0
DA:807,0
DA:808,0
DA:809,0
DA:811,0
DA:815,0
DA:817,0
DA:818,0
DA:819,0
DA:821,0
DA:822,0
DA:824,0
DA:825,0
DA:827,0
DA:828,0
DA:829,0
DA:830,0
DA:831,0
DA:832,0
DA:833,0
DA:834,0
DA:837,0
DA:839,0
DA:841,0
DA:842,0
DA:843,0
DA:845,0
DA:846,0
DA:848,0
DA:849,0
DA:850,0
DA:852,0
DA:853,0
DA:854,0
DA:856,0
DA:859,0
DA:863,0
DA:864,0
DA:865,0
DA:866,0
DA:867,0
DA:868,0
DA:870,0
DA:873,0
DA:877,0
DA:878,0
DA:879,0
DA:880,0
DA:881,0
DA:883,0
DA:884,0
DA:885,0
DA:886,0
DA:887,0
DA:888,0
DA:889,0
DA:890,0
DA:891,0
DA:892,0
DA:893,0
DA:894,0
DA:896,0
DA:897,0
DA:899,0
DA:900,0
DA:901,0
DA:902,0
DA:903,0
DA:904,0
DA:905,0
DA:906,0
DA:907,0
DA:908,0
DA:909,0
DA:910,0
DA:911,0
DA:912,0
DA:913,0
DA:914,0
DA:915,0
DA:916,0
DA:917,0
DA:919,0
DA:920,0
DA:921,0
DA:922,0
DA:923,0
DA:924,0
DA:925,0
DA:926,0
DA:927,0
DA:931,0
DA:933,0
DA:936,0
DA:937,0
DA:938,0
DA:940,0
DA:942,0
DA:943,0
DA:944,0
DA:945,0
DA:946,0
DA:947,0
DA:948,0
DA:949,0
DA:951,0
DA:954,0
DA:955,0
DA:956,0
DA:957,0
DA:958,0
DA:959,0
DA:961,0
DA:963,0
DA:964,0
DA:965,0
DA:967,0
DA:968,0
DA:970,0
DA:972,0
DA:975,0
DA:976,0
DA:977,0
DA:978,0
DA:979,0
DA:980,0
DA:981,0
DA:982,0
DA:983,0
DA:984,0
DA:985,0
DA:986,0
DA:990,0
DA:991,0
DA:992,0
DA:993,0
DA:995,0
DA:997,0
DA:998,0
DA:999,0
DA:1000,0
DA:1001,0
DA:1002,0
DA:1003,0
DA:1004,0
DA:1005,0
DA:1006,0
DA:1007,0
DA:1008,0
DA:1009,0
DA:1010,0
DA:1012,0
DA:1013,0
DA:1014,0
DA:1015,0
DA:1016,0
DA:1017,0
DA:1018,0
DA:1019,0
DA:1020,0
DA:1021,0
DA:1022,0
DA:1024,0
DA:1025,0
DA:1026,0
DA:1027,0
DA:1028,0
DA:1029,0
DA:1030,0
DA:1031,0
DA:1034,0
DA:1035,0
DA:1038,0
DA:1039,0
DA:1040,0
DA:1041,0
DA:1042,0
DA:1043,0
DA:1049,0
DA:1050,0
DA:1051,0
DA:1052,0
DA:1053,0
DA:1054,0
DA:1055,0
DA:1056,0
DA:1057,0
DA:1058,0
DA:1059,0
DA:1060,0
DA:1062,0
DA:1064,0
DA:1066,0
DA:1067,0
DA:1068,0
DA:1070,0
DA:1072,0
DA:1073,0
DA:1074,0
DA:1075,0
DA:1076,0
DA:1077,0
DA:1078,0
DA:1079,0
DA:1082,0
DA:1083,0
DA:1084,0
DA:1085,0
DA:1088,0
DA:1092,0
DA:1093,0
DA:1094,0
DA:1095,0
DA:1096,0
DA:1097,0
DA:1098,0
DA:1099,0
DA:1100,0
DA:1102,0
DA:1105,0
DA:1106,0
DA:1107,0
DA:1109,0
DA:1110,0
DA:1111,0
DA:1112,0
DA:1113,0
DA:1114,0
DA:1115,0
DA:1116,0
DA:1118,0
DA:1119,0
DA:1120,0
DA:1122,0
DA:1124,0
DA:1125,0
DA:1126,0
DA:1127,0
DA:1128,0
DA:1130,0
DA:1131,0
DA:1132,0
DA:1133,0
DA:1134,0
DA:1135,0
DA:1136,0
DA:1137,0
DA:1138,0
DA:1139,0
DA:1140,0
DA:1141,0
DA:1142,0
DA:1143,0
DA:1144,0
DA:1145,0
DA:1146,0
DA:1147,0
DA:1148,0
DA:1149,0
DA:1152,0
DA:1153,0
DA:1154,0
DA:1155,0
DA:1156,0
DA:1157,0
DA:1158,0
DA:1159,0
DA:1160,0
DA:1162,0
DA:1164,0
DA:1165,0
DA:1166,0
DA:1167,0
DA:1168,0
DA:1169,0
DA:1170,0
DA:1171,0
DA:1172,0
DA:1173,0
DA:1174,0
DA:1175,0
DA:1176,0
DA:1177,0
DA:1178,0
DA:1179,0
DA:1180,0
DA:1181,0
DA:1182,0
DA:1183,0
DA:1186,0
DA:1188,0
DA:1189,0
DA:1190,0
DA:1191,0
DA:1192,0
DA:1193,0
DA:1194,0
DA:1195,0
DA:1197,0
DA:1199,0
DA:1200,0
DA:1201,0
DA:1202,0
DA:1203,0
DA:1204,0
DA:1205,0
DA:1206,0
DA:1207,0
DA:1208,0
DA:1209,0
DA:1210,0
DA:1211,0
DA:1212,0
DA:1213,0
DA:1214,0
DA:1215,0
DA:1216,0
DA:1217,0
DA:1218,0
DA:1219,0
DA:1220,0
DA:1221,0
DA:1222,0
DA:1223,0
DA:1224,0
DA:1227,0
DA:1228,0
DA:1229,0
DA:1230,0
DA:1231,0
DA:1232,0
DA:1233,0
DA:1234,0
DA:1235,0
DA:1236,0
DA:1238,0
DA:1239,0
DA:1240,0
DA:1241,0
DA:1242,0
DA:1243,0
DA:1244,0
DA:1245,0
DA:1246,0
DA:1247,0
DA:1248,0
DA:1249,0
DA:1250,0
DA:1251,0
DA:1252,0
DA:1253,0
DA:1254,0
DA:1255,0
DA:1256,0
DA:1257,0
DA:1262,0
DA:1263,0
DA:1264,0
DA:1265,0
DA:1266,0
DA:1268,0
DA:1269,0
DA:1270,0
DA:1271,0
DA:1272,0
DA:1273,0
DA:1274,0
DA:1275,0
DA:1276,0
DA:1277,0
DA:1278,0
DA:1279,0
DA:1280,0
DA:1281,0
DA:1282,0
DA:1283,0
DA:1284,0
DA:1285,0
DA:1286,0
DA:1287,0
DA:1288,0
DA:1291,0
DA:1293,0
DA:1294,0
DA:1295,0
DA:1296,0
DA:1298,0
DA:1300,0
DA:1302,0
DA:1303,0
DA:1304,0
DA:1306,0
DA:1307,0
DA:1308,0
DA:1310,0
DA:1311,0
DA:1313,0
DA:1315,0
DA:1318,0
DA:1319,0
DA:1321,0
DA:1323,0
DA:1324,0
DA:1327,0
DA:1329,0
DA:1330,0
DA:1333,0
DA:1334,0
DA:1337,0
DA:1340,0
DA:1343,0
DA:1345,0
DA:1347,0
DA:1348,0
DA:1349,0
DA:1351,0
DA:1353,0
DA:1356,0
DA:1359,0
DA:1361,0
DA:1362,0
DA:1363,0
DA:1364,0
DA:1369,0
DA:1370,0
DA:1373,0
DA:1374,0
DA:1375,0
DA:1376,0
DA:1377,0
DA:1378,0
DA:1379,0
DA:1380,0
DA:1381,0
DA:1382,0
DA:1383,0
DA:1385,0
DA:1389,0
DA:1390,0
DA:1393,0
DA:1395,0
DA:1396,0
DA:1398,0
DA:1401,0
DA:1404,0
DA:1405,0
DA:1406,0
DA:1407,0
DA:1411,0
DA:1412,0
DA:1413,0
DA:1414,0
DA:1415,0
DA:1417,0
DA:1419,0
DA:1420,0
DA:1421,0
DA:1423,0
DA:1425,0
DA:1426,0
DA:1427,0
DA:1428,0
DA:1430,0
DA:1433,0
DA:1434,0
DA:1436,0
DA:1438,0
DA:1441,0
DA:1442,0
DA:1443,0
DA:1444,0
DA:1445,0
DA:1446,0
DA:1448,0
DA:1450,0
DA:1452,0
DA:1453,0
DA:1454,0
DA:1455,0
DA:1458,0
DA:1459,0
DA:1460,0
DA:1461,0
DA:1463,0
DA:1464,0
DA:1465,0
DA:1466,0
DA:1467,0
DA:1469,0
DA:1470,0
DA:1472,0
DA:1473,0
DA:1474,0
DA:1476,0
DA:1478,0
DA:1480,0
DA:1482,0
DA:1483,0
DA:1484,0
DA:1485,0
DA:1487,0
DA:1489,0
DA:1490,0
DA:1491,0
DA:1492,0
DA:1494,0
DA:1495,0
DA:1497,0
DA:1498,0
DA:1499,0
DA:1501,0
DA:1502,0
DA:1503,0
DA:1504,0
DA:1507,0
DA:1508,0
DA:1510,0
DA:1512,0
DA:1513,0
DA:1514,0
DA:1515,0
DA:1516,0
DA:1517,0
DA:1518,0
DA:1519,0
DA:1520,0
DA:1521,0
DA:1523,0
DA:1524,0
DA:1526,0
DA:1527,0
DA:1528,0
DA:1530,0
DA:1531,0
DA:1532,0
DA:1533,0
DA:1535,0
DA:1536,0
DA:1537,0
DA:1538,0
DA:1539,0
DA:1540,0
DA:1541,0
DA:1544,0
DA:1545,0
DA:1546,0
DA:1548,0
DA:1550,0
DA:1551,0
DA:1552,0
DA:1553,0
DA:1554,0
DA:1555,0
DA:1556,0
DA:1557,0
DA:1558,0
DA:1559,0
DA:1561,0
DA:1564,0
DA:1567,0
DA:1569,0
DA:1571,0
DA:1573,0
DA:1574,0
DA:1575,0
DA:1577,0
DA:1578,0
DA:1581,0
DA:1583,0
DA:1584,0
DA:1585,0
DA:1586,0
DA:1587,0
DA:1588,0
DA:1589,0
DA:1590,0
DA:1592,0
DA:1593,0
DA:1594,0
DA:1595,0
DA:1597,0
DA:1599,0
DA:1601,0
DA:1602,0
DA:1603,0
DA:1604,0
DA:1605,0
DA:1606,0
DA:1608,0
DA:1610,0
DA:1611,0
DA:1613,0
DA:1615,0
DA:1616,0
DA:1617,0
DA:1619,0
DA:1620,0
DA:1621,0
LF:1078
LH:0
end_of_record
TN:
SF:/Users/hasini-local/Documents/Research/bioinfomatics/bwa/bwtindex.c
FN:128,146,bwa_pac2bwt
FN:150,172,bwt_bwtupdate_core
FN:174,186,bwa_bwtupdate
FN:188,207,bwa_bwt2sa
FN:209,253,bwa_index
FN:255,323,bwa_idx_build
FN:51,62,bwa_seq_len
FN:64,126,bwt_pac2bwt
FNDA:0,bwa_pac2bwt
FNDA:0,bwt_bwtupdate_core
FNDA:0,bwa_bwtupdate
FNDA:0,bwa_bwt2sa
FNDA:0,bwa_index
FNDA:0,bwa_idx_build
FNDA:0,bwa_seq_len
FNDA:0,bwt_pac2bwt
FNF:8
FNH:0
DA:51,0
DA:53,0
DA:54,0
DA:55,0
DA:56,0
DA:57,0
DA:58,0
DA:59,0
DA:60,0
DA:61,0
DA:62,0
DA:64,0
DA:66,0
DA:67,0
DA:68,0
DA:69,0
DA:72,0
DA:73,0
DA:74,0
DA:75,0
DA:78,0
DA:79,0
DA:80,0
DA:81,0
DA:82,0
DA:83,0
DA:84,0
DA:85,0
DA:86,0
DA:87,0
DA:88,0
DA:89,0
DA:92,0
DA:93,0
DA:94,0
DA:95,0
DA:96,0
DA:97,0
DA:98,0
DA:100,0
DA:101,0
DA:102,0
DA:103,0
DA:104,0
DA:105,0
DA:106,0
DA:107,0
DA:108,0
DA:109,0
DA:110,0
DA:111,0
DA:112,0
DA:113,0
DA:114,0
DA:115,0
DA:116,0
DA:117,0
DA:118,0
DA:119,0
DA:120,0
DA:121,0
DA:122,0
DA:123,0
DA:124,0
DA:125,0
DA:126,0
DA:128,0
DA:130,0
DA:131,0
DA:132,0
DA:133,0
DA:134,0
DA:135,0
DA:138,0
DA:139,0
DA:140,0
DA:142,0
DA:143,0
DA:144,0
DA:145,0
DA:146,0
DA:150,0
DA:152,0
DA:153,0
DA:155,0
DA:156,0
DA:157,0
DA:158,0
DA:159,0
DA:160,0
DA:161,0
DA:162,0
DA:163,0
DA:164,0
DA:165,0
DA:166,0
DA:168,0
DA:169,0
DA:171,0
DA:172,0
DA:174,0
DA:176,0
DA:177,0
DA:178,0
DA:179,0
DA:181,0
DA:182,0
DA:183,0
DA:184,0
DA:185,0
DA:186,0
DA:188,0
DA:190,0
DA:191,0
DA:192,0
DA:193,0
DA:194,0
DA:195,0
DA:198,0
DA:199,0
DA:200,0
DA:202,0
DA:203,0
DA:204,0
DA:205,0
DA:206,0
DA:207,0
DA:209,0
DA:211,0
DA:212,0
DA:213,0
DA:214,0
DA:216,0
DA:217,0
DA:218,0
DA:219,0
DA:220,0
DA:221,0
DA:222,0
DA:224,0
DA:225,0
DA:226,0
DA:227,0
DA:228,0
DA:229,0
DA:233,0
DA:234,0
DA:235,0
DA:236,0
DA:237,0
DA:238,0
DA:239,0
DA:240,0
DA:241,0
DA:242,0
DA:243,0
DA:245,0
DA:246,0
DA:247,0
DA:248,0
DA:249,0
DA:250,0
DA:251,0
DA:252,0
DA:253,0
DA:255,0
DA:259,0
DA:260,0
DA:261,0
DA:263,0
DA:264,0
DA:265,0
DA:268,0
DA:269,0
DA:270,0
DA:271,0
DA:272,0
DA:273,0
DA:274,0
DA:275,0
DA:277,0
DA:278,0
DA:279,0
DA:280,0
DA:281,0
DA:282,0
DA:283,0
DA:284,0
DA:285,0
DA:286,0
DA:287,0
DA:288,0
DA:291,0
DA:292,0
DA:293,0
DA:294,0
DA:295,0
DA:296,0
DA:297,0
DA:298,0
DA:299,0
DA:300,0
DA:302,0
DA:303,0
DA:304,0
DA:305,0
DA:306,0
DA:307,0
DA:308,0
DA:310,0
DA:311,0
DA:312,0
DA:313,0
DA:314,0
DA:315,0
DA:316,0
DA:317,0
DA:318,0
DA:319,0
DA:320,0
DA:321,0
DA:322,0
DA:323,0
LF:223
LH:0
end_of_record
TN:
SF:/Users/hasini-local/Documents/Research/bioinfomatics/bwa/is.c
FN:100,182,sais_main
FN:191,200,is_sa
FN:208,223,is_bwt
FN:37,42,getCounts
FN:43,57,getBuckets
FN:60,94,induceSA
FNDA:0,sais_main
FNDA:0,is_sa
FNDA:0,is_bwt
FNDA:0,getCounts
FNDA:0,getBuckets
FNDA:0,induceSA
FNF:6
FNH:0
DA:37,0
DA:39,0
DA:40,0
DA:41,0
DA:42,0
DA:43,0
DA:45,0
DA:46,0
DA:47,0
DA:48,0
DA:49,0
DA:50,0
DA:51,0
DA:52,0
DA:53,0
DA:54,0
DA:55,0
DA:57,0
DA:60,0
DA:62,0
DA:63,0
DA:65,0
DA:66,0
DA:67,0
DA:68,0
DA:69,0
DA:70,0
DA:71,0
DA:72,0
DA:73,0
DA:74,0
DA:75,0
DA:76,0
DA:77,0
DA:78,0
DA:79,0
DA:80,0
DA:82,0
DA:83,0
DA:84,0
DA:85,0
DA:86,0
DA:87,0
DA:88,0
DA:89,0
DA:90,0
DA:91,0
DA:92,0
DA:93,0
DA:94,0
DA:100,0
DA:102,0
DA:103,0
DA:104,0
DA:105,0
DA:109,0
DA:110,0
DA:111,0
DA:112,0
DA:113,0
DA:114,0
DA:115,0
DA:116,0
DA:117,0
DA:118,0
DA:119,0
DA:120,0
DA:121,0
DA:124,0
DA:125,0
DA:126,0
DA:127,0
DA:128,0
DA:129,0
DA:130,0
DA:131,0
DA:133,0
DA:134,0
DA:135,0
DA:136,0
DA:137,0
DA:138,0
DA:139,0
DA:140,0
DA:142,0
DA:143,0
DA:144,0
DA:145,0
DA:146,0
DA:147,0
DA:148,0
DA:149,0
DA:150,0
DA:154,0
DA:155,0
DA:156,0
DA:157,0
DA:158,0
DA:159,0
DA:160,0
DA:161,0
DA:162,0
DA:163,0
DA:164,0
DA:165,0
DA:167,0
DA:168,0
DA:169,0
DA:170,0
DA:172,0
DA:173,0
DA:174,0
DA:175,0
DA:176,0
DA:177,0
DA:178,0
DA:179,0
DA:180,0
DA:181,0
DA:182,0
DA:191,0
DA:193,0
DA:194,0
DA:195,0
DA:196,0
DA:197,0
DA:199,0
DA:200,0
DA:208,0
DA:210,0
DA:211,0
DA:213,0
DA:215,0
DA:216,0
DA:217,0
DA:218,0
DA:219,0
DA:220,0
DA:221,0
DA:222,0
DA:223,0
LF:141
LH:0
end_of_record
TN:
SF:/Users/hasini-local/Documents/Research/bioinfomatics/bwa/khash.h
FN:383,388,__ac_X31_hash_string
FNDA:0,__ac_X31_hash_string
FNF:1
FNH:0
DA:383,0
DA:385,0
DA:386,0
DA:387,0
DA:388,0
LF:5
LH:0
end_of_record
TN:
SF:/Users/hasini-local/Documents/Research/bioinfomatics/bwa/kstring.c
FN:9,26,ksprintf
FNDA:0,ksprintf
FNF:1
FNH:0
DA:9,0
DA:11,0
DA:12,0
DA:13,0
DA:14,0
DA:15,0
DA:16,0
DA:17,0
DA:18,0
DA:19,0
DA:20,0
DA:21,0
DA:22,0
DA:23,0
DA:24,0
DA:25,0
DA:26,0
LF:17
LH:0
end_of_record
TN:
SF:/Users/hasini-local/Documents/Research/bioinfomatics/bwa/kstring.h
FN:23,30,ks_resize
FN:32,42,kputsn
FN:45,47,kputs
FN:50,59,kputc
FN:62,77,kputw
FN:96,111,kputl
FNDA:0,ks_resize
FNDA:0,kputsn
FNDA:0,kputs
FNDA:104868688,kputc
FNDA:21178346,kputw
FNDA:0,kputl
FNF:6
FNH:2
DA:23,0
DA:25,0
DA:26,0
DA:27,0
DA:28,0
DA:29,0
DA:30,0
DA:32,0
DA:34,0
DA:35,0
DA:36,0
DA:37,0
DA:38,0
DA:39,0
DA:40,0
DA:41,0
DA:42,0
DA:45,0
DA:47,0
DA:50,104868688
DA:52,104868688
DA:53,1376186
DA:54,1376186
DA:55,1376186
DA:56,1376186
DA:57,104868688
DA:58,104868688
DA:59,104868688
DA:62,21178346
DA:64,21178346
DA:65,21178346
DA:66,21178346
DA:67,153220
DA:68,76610
DA:69,76610
DA:70,3734
DA:71,3734
DA:72,3734
DA:73,3734
DA:74,153220
DA:75,76610
DA:76,76610
DA:77,21178346
DA:96,0
DA:98,0
DA:99,0
DA:100,0
DA:101,0
DA:102,0
DA:103,0
DA:104,0
DA:105,0
DA:106,0
DA:107,0
DA:108,0
DA:109,0
DA:110,0
DA:111,0
LF:58
LH:24
end_of_record
TN:
SF:/Users/hasini-local/Documents/Research/bioinfomatics/bwa/ksw.c
FN:122,253,ksw_u8
FN:255,370,ksw_i16
FN:372,377,revseq
FN:379,401,ksw_align2
FN:403,405,ksw_align
FN:416,515,ksw_extend2
FN:517,519,ksw_extend
FN:528,537,push_cigar
FN:540,642,ksw_global2
FN:644,646,ksw_global
FN:69,115,ksw_qinit
FNDA:0,ksw_u8
FNDA:0,ksw_i16
FNDA:0,revseq
FNDA:0,ksw_align2
FNDA:0,ksw_align
FNDA:0,ksw_extend2
FNDA:0,ksw_extend
FNDA:91804738,push_cigar
FNDA:431408,ksw_global2
FNDA:0,ksw_global
FNDA:0,ksw_qinit
FNF:11
FNH:2
DA:69,0
DA:71,0
DA:72,0
DA:74,0
DA:75,0
DA:76,0
DA:77,0
DA:78,0
DA:79,0
DA:80,0
DA:81,0
DA:82,0
DA:83,0
DA:85,0
DA:86,0
DA:87,0
DA:88,0
DA:89,0
DA:90,0
DA:91,0
DA:92,0
DA:95,0
DA:96,0
DA:97,0
DA:98,0
DA:99,0
DA:100,0
DA:101,0
DA:102,0
DA:103,0
DA:104,0
DA:105,0
DA:106,0
DA:107,0
DA:108,0
DA:109,0
DA:110,0
DA:111,0
DA:112,0
DA:113,0
DA:114,0
DA:115,0
DA:122,0
DA:124,0
DA:125,0
DA:126,0
DA:151,0
DA:152,0
DA:153,0
DA:154,0
DA:155,0
DA:156,0
DA:157,0
DA:158,0
DA:159,0
DA:160,0
DA:161,0
DA:162,0
DA:163,0
DA:164,0
DA:165,0
DA:166,0
DA:167,0
DA:169,0
DA:170,0
DA:171,0
DA:172,0
DA:173,0
DA:174,0
DA:181,0
DA:182,0
DA:183,0
DA:184,0
DA:185,0
DA:186,0
DA:187,0
DA:189,0
DA:190,0
DA:191,0
DA:192,0
DA:194,0
DA:195,0
DA:196,0
DA:198,0
DA:199,0
DA:201,0
DA:202,0
DA:203,0
DA:204,0
DA:205,0
DA:206,0
DA:207,0
DA:208,0
DA:209,0
DA:210,0
DA:211,0
DA:214,0
DA:215,0
DA:216,0
DA:217,0
DA:218,0
DA:219,0
DA:220,0
DA:221,0
DA:222,0
DA:223,0
DA:224,0
DA:225,0
DA:226,0
DA:227,0
DA:228,0
DA:229,0
DA:230,0
DA:231,0
DA:232,0
DA:233,0
DA:234,0
DA:235,0
DA:236,0
DA:237,0
DA:238,0
DA:239,0
DA:241,0
DA:242,0
DA:243,0
DA:244,0
DA:245,0
DA:246,0
DA:247,0
DA:248,0
DA:249,0
DA:250,0
DA:251,0
DA:253,0
DA:255,0
DA:257,0
DA:258,0
DA:259,0
DA:283,0
DA:284,0
DA:285,0
DA:286,0
DA:287,0
DA:288,0
DA:289,0
DA:290,0
DA:291,0
DA:292,0
DA:293,0
DA:294,0
DA:295,0
DA:296,0
DA:297,0
DA:298,0
DA:300,0
DA:301,0
DA:302,0
DA:303,0
DA:304,0
DA:305,0
DA:306,0
DA:307,0
DA:308,0
DA:309,0
DA:310,0
DA:311,0
DA:312,0
DA:313,0
DA:314,0
DA:315,0
DA:316,0
DA:317,0
DA:318,0
DA:319,0
DA:320,0
DA:321,0
DA:322,0
DA:323,0
DA:324,0
DA:325,0
DA:326,0
DA:327,0
DA:328,0
DA:329,0
DA:330,0
DA:331,0
DA:333,0
DA:334,0
DA:335,0
DA:336,0
DA:337,0
DA:338,0
DA:339,0
DA:340,0
DA:341,0
DA:342,0
DA:343,0
DA:344,0
DA:345,0
DA:346,0
DA:347,0
DA:348,0
DA:349,0
DA:350,0
DA:351,0
DA:353,0
DA:354,0
DA:355,0
DA:356,0
DA:357,0
DA:358,0
DA:359,0
DA:360,0
DA:361,0
DA:362,0
DA:363,0
DA:364,0
DA:365,0
DA:366,0
DA:367,0
DA:368,0
DA:370,0
DA:372,0
DA:374,0
DA:375,0
DA:376,0
DA:377,0
DA:379,0
DA:381,0
DA:382,0
DA:383,0
DA:384,0
DA:386,0
DA:387,0
DA:388,0
DA:389,0
DA:390,0
DA:391,0
DA:392,0
DA:393,0
DA:394,0
DA:395,0
DA:396,0
DA:397,0
DA:398,0
DA:399,0
DA:400,0
DA:401,0
DA:403,0
DA:405,0
DA:416,0
DA:418,0
DA:419,0
DA:420,0
DA:421,0
DA:423,0
DA:424,0
DA:426,0
DA:427,0
DA:428,0
DA:429,0
DA:431,0
DA:432,0
DA:433,0
DA:435,0
DA:436,0
DA:437,0
DA:438,0
DA:439,0
DA:440,0
DA:441,0
DA:442,0
DA:443,0
DA:445,0
DA:446,0
DA:447,0
DA:448,0
DA:449,0
DA:450,0
DA:452,0
DA:453,0
DA:454,0
DA:456,0
DA:457,0
DA:458,0
DA:459,0
DA:460,0
DA:466,0
DA:467,0
DA:468,0
DA:469,0
DA:470,0
DA:471,0
DA:472,0
DA:473,0
DA:474,0
DA:475,0
DA:476,0
DA:477,0
DA:478,0
DA:479,0
DA:480,0
DA:481,0
DA:482,0
DA:483,0
DA:484,0
DA:485,0
DA:486,0
DA:487,0
DA:488,0
DA:489,0
DA:490,0
DA:491,0
DA:492,0
DA:493,0
DA:494,0
DA:495,0
DA:496,0
DA:497,0
DA:498,0
DA:500,0
DA:502,0
DA:503,0
DA:504,0
DA:505,0
DA:507,0
DA:508,0
DA:509,0
DA:510,0
DA:511,0
DA:512,0
DA:513,0
DA:514,0
DA:515,0
DA:517,0
DA:519,0
DA:528,91804738
DA:530,91804738
DA:531,5734024
DA:532,1231480
DA:533,1231480
DA:534,1231480
DA:535,5734024
DA:536,91804738
DA:537,91804738
DA:540,431408
DA:542,431408
DA:543,431408
DA:544,431408
DA:545,431408
DA:546,431408
DA:548,431408
DA:549,431408
DA:550,431408
DA:551,431408
DA:553,2588448
DA:554,2157040
DA:555,111008260
DA:556,2157040
DA:558,431408
DA:559,19049123
DA:560,18617715
DA:561,3583937
DA:563,107681870
DA:564,107250462
DA:565,107250462
DA:566,107250462
DA:567,107250462
DA:568,107250462
DA:569,107250462
DA:570,107250462
DA:571,4956892771
DA:582,4849642309
DA:583,4849642309
DA:584,4849642309
DA:585,4849642309
DA:586,4849642309
DA:587,4849642309
DA:588,4849642309
DA:589,4849642309
DA:590,4849642309
DA:591,4849642309
DA:592,4849642309
DA:593,4849642309
DA:594,4849642309
DA:595,4849642309
DA:596,4849642309
DA:597,4849642309
DA:598,4849642309
DA:599,4849642309
DA:600,4849642309
DA:601,4849642309
DA:602,4849642309
DA:603,107250462
DA:604,0
DA:605,0
DA:606,0
DA:607,0
DA:608,0
DA:609,0
DA:610,0
DA:611,0
DA:612,0
DA:613,0
DA:614,0
DA:615,0
DA:616,0
DA:617,0
DA:618,0
DA:619,0
DA:621,107250462
DA:622,107250462
DA:623,431408
DA:624,431408
DA:625,431408
DA:626,431408
DA:627,431408
DA:628,91968732
DA:629,91537324
DA:630,91537324
DA:631,72697547
DA:632,2466335
DA:634,431408
DA:635,431408
DA:636,3193123
DA:637,2761715
DA:638,431408
DA:639,431408
DA:640,431408
DA:641,862816
DA:642,431408
DA:644,0
DA:646,0
LF:433
LH:79
end_of_record
TN:
SF:/Users/hasini-local/Documents/Research/bioinfomatics/bwa/kthread.c
FN:119,147,kt_pipeline
FN:25,33,steal_work
FN:35,46,ktf_worker
FN:49,61,kt_for
FN:86,116,ktp_worker
FNDA:0,kt_pipeline
FNDA:0,steal_work
FNDA:0,ktf_worker
FNDA:0,kt_for
FNDA:0,ktp_worker
FNF:5
FNH:0
DA:25,0
DA:27,0
DA:28,0
DA:29,0
DA:30,0
DA:31,0
DA:32,0
DA:33,0
DA:35,0
DA:37,0
DA:38,0
DA:39,0
DA:40,0
DA:41,0
DA:42,0
DA:44,0
DA:45,0
DA:46,0
DA:49,0
DA:51,0
DA:52,0
DA:53,0
DA:54,0
DA:55,0
DA:56,0
DA:57,0
DA:58,0
DA:59,0
DA:60,0
DA:61,0
DA:86,0
DA:88,0
DA:89,0
DA:90,0
DA:92,0
DA:93,0
DA:94,0
DA:96,0
DA:97,0
DA:98,0
DA:99,0
DA:100,0
DA:101,0
DA:102,0
DA:103,0
DA:104,0
DA:107,0
DA:110,0
DA:111,0
DA:112,0
DA:113,0
DA:114,0
DA:116,0
DA:119,0
DA:121,0
DA:122,0
DA:123,0
DA:125,0
DA:126,0
DA:127,0
DA:128,0
DA:129,0
DA:130,0
DA:131,0
DA:132,0
DA:134,0
DA:135,0
DA:136,0
DA:137,0
DA:138,0
DA:139,0
DA:141,0
DA:142,0
DA:143,0
DA:145,0
DA:146,0
DA:147,0
LF:77
LH:0
end_of_record
TN:
SF:/Users/hasini-local/Documents/Research/bioinfomatics/bwa/malloc_wrap.c
FN:11,21,wrap_calloc
FN:23,33,wrap_malloc
FN:35,45,wrap_realloc
FN:47,57,wrap_strdup
FNDA:431408,wrap_calloc
FNDA:1294274,wrap_malloc
FNDA:2611400,wrap_realloc
FNDA:0,wrap_strdup
FNF:4
FNH:3
DA:11,431408
DA:13,431408
DA:14,431408
DA:15,0
DA:17,0
DA:18,0
DA:20,862816
DA:21,431408
DA:23,1294274
DA:25,1294274
DA:26,1294274
DA:27,36
DA:29,18
DA:30,18
DA:32,2588512
DA:33,1294256
DA:35,2611400
DA:37,2611400
DA:38,2611400
DA:39,0
DA:41,0
DA:42,0
DA:44,5222800
DA:45,2611400
DA:47,0
DA:49,0
DA:50,0
DA:51,0
DA:53,0
DA:54,0
DA:56,0
DA:57,0
LF:32
LH:18
end_of_record
TN:
SF:/Users/hasini-local/Documents/Research/bioinfomatics/bwa/neon_sse.h
FN:10,10,_mm_store_si128
FN:12,12,_mm_adds_epu8
FN:13,13,_mm_max_epu8
FN:14,14,_mm_set1_epi8
FN:15,15,_mm_subs_epu8
FN:22,22,_mm_adds_epi16
FN:23,23,_mm_cmpgt_epi16
FN:24,24,_mm_max_epi16
FN:25,25,_mm_set1_epi16
FN:26,26,_mm_subs_epu16
FN:8,8,_mm_load_si128
FN:9,9,_mm_set1_epi32
FNDA:0,_mm_store_si128
FNDA:0,_mm_adds_epu8
FNDA:0,_mm_max_epu8
FNDA:0,_mm_set1_epi8
FNDA:0,_mm_subs_epu8
FNDA:0,_mm_adds_epi16
FNDA:0,_mm_cmpgt_epi16
FNDA:0,_mm_max_epi16
FNDA:0,_mm_set1_epi16
FNDA:0,_mm_subs_epu16
FNDA:0,_mm_load_si128
FNDA:0,_mm_set1_epi32
FNF:12
FNH:0
DA:8,0
DA:9,0
DA:10,0
DA:12,0
DA:13,0
DA:14,0
DA:15,0
DA:22,0
DA:23,0
DA:24,0
DA:25,0
DA:26,0
LF:12
LH:0
end_of_record
TN:
SF:/Users/hasini-local/Documents/Research/bioinfomatics/bwa/random_test.c
FN:13,65,main
FNDA:14,main
FNF:1
FNH:1
DA:13,14
DA:15,14
DA:17,1044860
DA:19,1044846
DA:20,27166446
DA:21,26121600
DA:22,26121600
DA:23,1044846
DA:24,1044846
DA:25,1044846
DA:26,1044846
DA:27,1044846
DA:28,1044846
DA:29,1044846
DA:30,1044846
DA:32,1044846
DA:36,1044846
DA:37,1044846
DA:38,1044846
DA:40,1044846
DA:41,517425505
DA:42,516380659
DA:43,516380659
DA:46,1044846
DA:47,53788316
DA:48,52743470
DA:49,52743470
DA:54,1044846
DA:63,1044846
DA:65,14
LF:30
LH:30
end_of_record
TN:
SF:/Users/hasini-local/Documents/Research/bioinfomatics/bwa/rle.c
FN:10,89,rle_insert_cached
FN:100,108,rle_split
FN:110,119,rle_count
FN:121,133,rle_print
FN:135,192,rle_rank2a
FN:91,97,rle_insert
FNDA:0,rle_insert_cached
FNDA:0,rle_split
FNDA:0,rle_count
FNDA:0,rle_print
FNDA:0,rle_rank2a
FNDA:0,rle_insert
FNF:6
FNH:0
DA:10,0
DA:12,0
DA:13,0
DA:15,0
DA:16,0
DA:17,0
DA:18,0
DA:19,0
DA:20,0
DA:21,0
DA:22,0
DA:23,0
DA:24,0
DA:25,0
DA:26,0
DA:27,0
DA:28,0
DA:29,0
DA:30,0
DA:31,0
DA:32,0
DA:33,0
DA:34,0
DA:35,0
DA:36,0
DA:37,0
DA:38,0
DA:40,0
DA:41,0
DA:42,0
DA:43,0
DA:44,0
DA:45,0
DA:46,0
DA:47,0
DA:48,0
DA:49,0
DA:50,0
DA:51,0
DA:52,0
DA:55,0
DA:56,0
DA:57,0
DA:59,0
DA:60,0
DA:61,0
DA:62,0
DA:63,0
DA:64,0
DA:65,0
DA:66,0
DA:67,0
DA:68,0
DA:69,0
DA:70,0
DA:71,0
DA:72,0
DA:73,0
DA:74,0
DA:75,0
DA:76,0
DA:77,0
DA:78,0
DA:79,0
DA:80,0
DA:81,0
DA:83,0
DA:84,0
DA:85,0
DA:86,0
DA:87,0
DA:88,0
DA:89,0
DA:91,0
DA:93,0
DA:94,0
DA:95,0
DA:96,0
DA:97,0
DA:100,0
DA:102,0
DA:103,0
DA:104,0
DA:105,0
DA:106,0
DA:107,0
DA:108,0
DA:110,0
DA:112,0
DA:113,0
DA:114,0
DA:115,0
DA:116,0
DA:117,0
DA:118,0
DA:119,0
DA:121,0
DA:123,0
DA:124,0
DA:125,0
DA:126,0
DA:127,0
DA:128,0
DA:129,0
DA:130,0
DA:131,0
DA:132,0
DA:133,0
DA:135,0
DA:137,0
DA:138,0
DA:139,0
DA:141,0
DA:142,0
DA:143,0
DA:144,0
DA:145,0
DA:146,0
DA:147,0
DA:148,0
DA:149,0
DA:150,0
DA:151,0
DA:153,0
DA:154,0
DA:155,0
DA:156,0
DA:157,0
DA:158,0
DA:160,0
DA:161,0
DA:162,0
DA:163,0
DA:177,0
DA:178,0
DA:179,0
DA:180,0
DA:181,0
DA:182,0
DA:183,0
DA:184,0
DA:185,0
DA:186,0
DA:187,0
DA:188,0
DA:191,0
DA:192,0
LF:147
LH:0
end_of_record
TN:
SF:/Users/hasini-local/Documents/Research/bioinfomatics/bwa/rle.h
FN:53,75,rle_enc1
FNDA:0,rle_enc1
FNF:1
FNH:0
DA:53,0
DA:55,0
DA:56,0
DA:57,0
DA:58,0
DA:59,0
DA:60,0
DA:61,0
DA:62,0
DA:63,0
DA:64,0
DA:65,0
DA:66,0
DA:67,0
DA:69,0
DA:70,0
DA:71,0
DA:72,0
DA:73,0
DA:74,0
DA:75,0
LF:21
LH:0
end_of_record
TN:
SF:/Users/hasini-local/Documents/Research/bioinfomatics/bwa/rope.c
FN:115,149,rope_insert_run
FN:151,178,rope_count_to_leaf
FN:180,195,rope_rank2a
FN:201,207,rope_itr_first
FN:209,220,rope_itr_next_block
FN:21,29,mp_init
FN:226,252,rope_print_node
FN:254,269,rope_dump_node
FN:271,276,rope_dump
FN:278,307,rope_restore_node
FN:309,319,rope_restore
FN:32,37,mp_destroy
FN:39,49,mp_alloc
FN:56,70,rope_init
FN:72,77,rope_destroy
FN:79,113,split_node
FNDA:0,rope_insert_run
FNDA:0,rope_count_to_leaf
FNDA:0,rope_rank2a
FNDA:0,rope_itr_first
FNDA:0,rope_itr_next_block
FNDA:0,mp_init
FNDA:0,rope_print_node
FNDA:0,rope_dump_node
FNDA:0,rope_dump
FNDA:0,rope_restore_node
FNDA:0,rope_restore
FNDA:0,mp_destroy
FNDA:0,mp_alloc
FNDA:0,rope_init
FNDA:0,rope_destroy
FNDA:0,split_node
FNF:16
FNH:0
DA:21,0
DA:23,0
DA:24,0
DA:25,0
DA:26,0
DA:27,0
DA:28,0
DA:29,0
DA:32,0
DA:34,0
DA:35,0
DA:36,0
DA:37,0
DA:39,0
DA:41,0
DA:42,0
DA:43,0
DA:44,0
DA:45,0
DA:46,0
DA:47,0
DA:48,0
DA:49,0
DA:56,0
DA:58,0
DA:59,0
DA:60,0
DA:61,0
DA:62,0
DA:63,0
DA:64,0
DA:65,0
DA:66,0
DA:67,0
DA:68,0
DA:69,0
DA:70,0
DA:72,0
DA:74,0
DA:75,0
DA:76,0
DA:77,0
DA:79,0
DA:81,0
DA:82,0
DA:83,0
DA:84,0
DA:85,0
DA:86,0
DA:87,0
DA:88,0
DA:89,0
DA:90,0
DA:91,0
DA:92,0
DA:93,0
DA:94,0
DA:95,0
DA:96,0
DA:97,0
DA:98,0
DA:99,0
DA:100,0
DA:101,0
DA:102,0
DA:103,0
DA:104,0
DA:105,0
DA:106,0
DA:107,0
DA:108,0
DA:109,0
DA:110,0
DA:111,0
DA:112,0
DA:113,0
DA:115,0
DA:117,0
DA:118,0
DA:119,0
DA:120,0
DA:121,0
DA:122,0
DA:123,0
DA:124,0
DA:125,0
DA:126,0
DA:127,0
DA:128,0
DA:129,0
DA:130,0
DA:131,0
DA:132,0
DA:133,0
DA:134,0
DA:135,0
DA:136,0
DA:137,0
DA:138,0
DA:139,0
DA:140,0
DA:141,0
DA:142,0
DA:143,0
DA:144,0
DA:145,0
DA:146,0
DA:147,0
DA:148,0
DA:149,0
DA:151,0
DA:153,0
DA:154,0
DA:155,0
DA:157,0
DA:158,0
DA:159,0
DA:160,0
DA:161,0
DA:162,0
DA:163,0
DA:164,0
DA:165,0
DA:166,0
DA:167,0
DA:168,0
DA:169,0
DA:170,0
DA:171,0
DA:172,0
DA:174,0
DA:175,0
DA:176,0
DA:177,0
DA:178,0
DA:180,0
DA:182,0
DA:183,0
DA:184,0
DA:185,0
DA:186,0
DA:187,0
DA:188,0
DA:189,0
DA:190,0
DA:191,0
DA:192,0
DA:193,0
DA:195,0
DA:201,0
DA:203,0
DA:204,0
DA:205,0
DA:206,0
DA:207,0
DA:209,0
DA:211,0
DA:212,0
DA:213,0
DA:214,0
DA:215,0
DA:216,0
DA:217,0
DA:218,0
DA:219,0
DA:220,0
DA:226,0
DA:228,0
DA:229,0
DA:230,0
DA:231,0
DA:232,0
DA:233,0
DA:234,0
DA:235,0
DA:236,0
DA:237,0
DA:238,0
DA:239,0
DA:240,0
DA:241,0
DA:242,0
DA:243,0
DA:244,0
DA:245,0
DA:246,0
DA:247,0
DA:248,0
DA:249,0
DA:250,0
DA:251,0
DA:252,0
DA:254,0
DA:256,0
DA:257,0
DA:258,0
DA:259,0
DA:260,0
DA:261,0
DA:262,0
DA:263,0
DA:264,0
DA:265,0
DA:266,0
DA:267,0
DA:269,0
DA:271,0
DA:273,0
DA:274,0
DA:275,0
DA:276,0
DA:278,0
DA:280,0
DA:281,0
DA:282,0
DA:283,0
DA:284,0
DA:285,0
DA:286,0
DA:287,0
DA:288,0
DA:289,0
DA:290,0
DA:291,0
DA:292,0
DA:293,0
DA:294,0
DA:295,0
DA:296,0
DA:297,0
DA:298,0
DA:300,0
DA:301,0
DA:302,0
DA:303,0
DA:304,0
DA:305,0
DA:306,0
DA:307,0
DA:309,0
DA:311,0
DA:312,0
DA:313,0
DA:314,0
DA:315,0
DA:316,0
DA:317,0
DA:318,0
DA:319,0
LF:249
LH:0
end_of_record
TN:
SF:/Users/hasini-local/Documents/Research/bioinfomatics/bwa/utils.c
FN:101,109,err_fatal_core
FN:112,115,_err_fatal_simple
FN:118,121,_err_fatal_simple_core
FN:124,130,err_fwrite
FN:132,140,err_fread_noeof
FN:142,154,err_gzread
FN:156,164,err_fseek
FN:166,174,err_ftell
FN:176,186,err_printf
FN:188,198,err_fprintf
FN:200,209,err_fputc
FN:211,220,err_fputs
FN:222,231,err_puts
FN:233,258,err_fflush
FN:260,265,err_fclose
FN:267,276,err_gzclose
FN:282,287,cputime
FN:289,295,realtime
FN:297,306,peakrss
FN:46,46,__ks_insertsort_128
FN:46,46,ks_combsort_128
FN:46,46,ks_heapadjust_128
FN:46,46,ks_heapmake_128
FN:46,46,ks_heapsort_128
FN:46,46,ks_introsort_128
FN:46,46,ks_ksmall_128
FN:46,46,ks_mergesort_128
FN:47,47,__ks_insertsort_64
FN:47,47,ks_combsort_64
FN:47,47,ks_heapadjust_64
FN:47,47,ks_heapmake_64
FN:47,47,ks_heapsort_64
FN:47,47,ks_introsort_64
FN:47,47,ks_ksmall_64
FN:47,47,ks_mergesort_64
FN:50,50,ks_destroy
FN:50,50,ks_getc
FN:50,50,ks_getuntil
FN:50,50,ks_getuntil2
FN:50,50,ks_init
FN:50,50,kseq_destroy
FN:50,50,kseq_init
FN:50,50,kseq_read
FN:56,65,err_xopen_core
FN:67,72,err_xreopen_core
FN:75,88,err_xzopen_core
FN:90,98,err_fatal
FNDA:0,err_fatal_core
FNDA:0,_err_fatal_simple
FNDA:0,_err_fatal_simple_core
FNDA:0,err_fwrite
FNDA:0,err_fread_noeof
FNDA:0,err_gzread
FNDA:0,err_fseek
FNDA:0,err_ftell
FNDA:0,err_printf
FNDA:0,err_fprintf
FNDA:0,err_fputc
FNDA:0,err_fputs
FNDA:0,err_puts
FNDA:0,err_fflush
FNDA:0,err_fclose
FNDA:0,err_gzclose
FNDA:0,cputime
FNDA:0,realtime
FNDA:0,peakrss
FNDA:0,__ks_insertsort_128
FNDA:0,ks_combsort_128
FNDA:0,ks_heapadjust_128
FNDA:0,ks_heapmake_128
FNDA:0,ks_heapsort_128
FNDA:0,ks_introsort_128
FNDA:0,ks_ksmall_128
FNDA:0,ks_mergesort_128
FNDA:0,__ks_insertsort_64
FNDA:0,ks_combsort_64
FNDA:0,ks_heapadjust_64
FNDA:0,ks_heapmake_64
FNDA:0,ks_heapsort_64
FNDA:0,ks_introsort_64
FNDA:0,ks_ksmall_64
FNDA:0,ks_mergesort_64
FNDA:0,ks_destroy
FNDA:0,ks_getc
FNDA:0,ks_getuntil
FNDA:0,ks_getuntil2
FNDA:0,ks_init
FNDA:0,kseq_destroy
FNDA:0,kseq_init
FNDA:0,kseq_read
FNDA:0,err_xopen_core
FNDA:0,err_xreopen_core
FNDA:0,err_xzopen_core
FNDA:0,err_fatal
FNF:47
FNH:0
DA:46,0
DA:47,0
DA:50,0
DA:56,0
DA:58,0
DA:59,0
DA:60,0
DA:61,0
DA:62,0
DA:64,0
DA:65,0
DA:67,0
DA:69,0
DA:70,0
DA:72,0
DA:75,0
DA:77,0
DA:78,0
DA:79,0
DA:81,0
DA:82,0
DA:84,0
DA:85,0
DA:87,0
DA:88,0
DA:90,0
DA:92,0
DA:93,0
DA:94,0
DA:95,0
DA:96,0
DA:97,0
DA:98,0
DA:101,0
DA:103,0
DA:104,0
DA:105,0
DA:106,0
DA:107,0
DA:108,0
DA:109,0
DA:112,0
DA:114,0
DA:115,0
DA:118,0
DA:120,0
DA:121,0
DA:124,0
DA:126,0
DA:127,0
DA:128,0
DA:129,0
DA:130,0
DA:132,0
DA:134,0
DA:135,0
DA:137,0
DA:139,0
DA:140,0
DA:142,0
DA:144,0
DA:146,0
DA:148,0
DA:149,0
DA:150,0
DA:153,0
DA:154,0
DA:156,0
DA:158,0
DA:159,0
DA:161,0
DA:163,0
DA:164,0
DA:166,0
DA:168,0
DA:169,0
DA:171,0
DA:173,0
DA:174,0
DA:176,0
DA:178,0
DA:179,0
DA:180,0
DA:181,0
DA:182,0
DA:183,0
DA:184,0
DA:185,0
DA:186,0
DA:188,0
DA:190,0
DA:191,0
DA:192,0
DA:193,0
DA:194,0
DA:195,0
DA:196,0
DA:197,0
DA:198,0
DA:200,0
DA:202,0
DA:203,0
DA:205,0
DA:208,0
DA:209,0
DA:211,0
DA:213,0
DA:214,0
DA:216,0
DA:219,0
DA:220,0
DA:222,0
DA:224,0
DA:225,0
DA:227,0
DA:230,0
DA:231,0
DA:233,0
DA:235,0
DA:236,0
DA:246,0
DA:247,0
DA:248,0
DA:250,0
DA:252,0
DA:253,0
DA:254,0
DA:255,0
DA:257,0
DA:258,0
DA:260,0
DA:262,0
DA:263,0
DA:264,0
DA:265,0
DA:267,0
DA:269,0
DA:270,0
DA:272,0
DA:275,0
DA:276,0
DA:282,0
DA:284,0
DA:285,0
DA:286,0
DA:287,0
DA:289,0
DA:291,0
DA:292,0
DA:293,0
DA:294,0
DA:295,0
DA:297,0
DA:299,0
DA:300,0
DA:304,0
DA:306,0
LF:157
LH:0
end_of_record
TN:
SF:/Users/hasini-local/Documents/Research/bioinfomatics/bwa/utils.h
FN:98,108,hash_64
FNDA:0,hash_64
FNF:1
FNH:0
DA:98,0
DA:100,0
DA:101,0
DA:102,0
DA:103,0
DA:104,0
DA:105,0
DA:106,0
DA:107,0
DA:108,0
LF:10
LH:0
end_of_record
